fname =  GPM2Ku5_uw3_20140308.225308_to_20140308.225354_000144_H02.nc
STR - BSR: [-99.]  DCC: [-99.]  DWC: [-99.]  WCC: [-99.]  STO: [-99.]
fname =  GPM2Ku5_uw3_20140308.225347_to_20140308.225408_000144_H02.nc
STR - BSR: [-99.]  DCC: [-99.]  DWC: [-99.]  WCC: [-99.]  STO: [-99.]
fname =  GPM2Ku5_uw3_20140308.225403_to_20140308.225532_000144_H02.nc
STR - BSR: [-99.]  DCC: [-99.]  DWC: [-99.]  WCC: [-99.]  STO: [-99.]
fname =  GPM2Ku5_uw3_20140308.225614_to_20140308.225617_000144_H02.nc
STR - BSR: [-99.]  DCC: [-99.]  DWC: [-99.]  WCC: [-99.]  STO: [-99.]
fname =  GPM2Ku5_uw3_20140308.225617_to_20140308.225652_000144_H02.nc
STR - BSR: [-99.]  DCC: [-99.]  DWC: [-99.]  WCC: [-99.]  STO: [-99.]
fname =  GPM2Ku5_uw3_20140308.225707_to_20140308.225846_000144_H02.nc
STR - BSR: [-99.]  DCC: [-99.]  DWC: [-99.]  WCC: [-99.]  STO: [-99.]
fname =  GPM2Ku5_uw3_20140309.002841_to_20140309.002845_000145_H02.nc
STR - BSR: [-99.]  DCC: [-99.]  DWC: [-99.]  WCC: [-99.]  STO: [-99.]
fname =  GPM2Ku5_uw3_20140309.002912_to_20140309.002921_000145_H02.nc
STR - BSR: [-99.]  DCC: [-99.]  DWC: [-99.]  WCC: [-99.]  STO: [-99.]
fname =  GPM2Ku5_uw3_20140309.002918_to_20140309.003504_000145_H02.nc
STR - BSR: [-99.]  DCC: [-99.]  DWC: [-99.]  WCC: [-99.]  STO: [-99.]
fname =  GPM2Ku5_uw3_20140309.020402_to_20140309.020525_000146_H02.nc
STR - BSR: [-99.]  DCC: [-99.]  DWC: [-99.]  WCC: [-99.]  STO: [-99.]
fname =  GPM2Ku5_uw3_20140309.020503_to_20140309.020550_000146_H02.nc
STR - BSR: [-99.]  DCC: [-99.]  DWC: [-99.]  WCC: [-99.]  STO: [-99.]
fname =  GPM2Ku5_uw3_20140309.020528_to_20140309.021506_000146_H02.nc
STR - BSR: [-99.]  DCC: [-99.]  DWC: [-99.]  WCC: [-99.]  STO: [-99.]
fname =  GPM2Ku5_uw3_20140309.033855_to_20140309.034140_000147_H02.nc
STR - BSR: [-99.]  DCC: [-99.]  DWC: [-99.]  WCC: [-99.]  STO: [-99.]
fname =  GPM2Ku5_uw3_20140309.034143_to_20140309.034553_000147_H02.nc
STR - BSR: [-99.]  DCC: [-99.]  DWC: [-99.]  WCC: [-99.]  STO: [-99.]
fname =  GPM2Ku5_uw3_20140309.034757_to_20140309.035227_000147_H02.nc
STR - BSR: [-99.]  DCC: [-99.]  DWC: [-99.]  WCC: [-99.]  STO: [-99.]
fname =  GPM2Ku5_uw3_20140309.051623_to_20140309.052210_000148_H02.nc
STR - BSR: [-99.]  DCC: [-99.]  DWC: [-99.]  WCC: [-99.   1.]  STO: [-99.   1.]
fname =  GPM2Ku5_uw3_20140309.052058_to_20140309.052454_000148_H02.nc
STR - BSR: [-99.]  DCC: [-99.]  DWC: [-99.]  WCC: [-99.]  STO: [-99.]
fname =  GPM2Ku5_uw3_20140309.170629_to_20140309.171018_000156_H02.nc
STR - BSR: [-99.]  DCC: [-99.]  DWC: [-99.]  WCC: [-99.]  STO: [-99.]
fname =  GPM2Ku5_uw3_20140309.171030_to_20140309.171441_000156_H02.nc
STR - BSR: [-99.]  DCC: [-99.]  DWC: [-99.]  WCC: [-99.]  STO: [-99.]
fname =  GPM2Ku5_uw3_20140309.171350_to_20140309.171643_000156_H02.nc
STR - BSR: [-99.]  DCC: [-99.]  DWC: [-99.]  WCC: [-99.]  STO: [-99.]
fname =  GPM2Ku5_uw3_20140309.183856_to_20140309.184146_000157_H02.nc
STR - BSR: [-99.]  DCC: [-99.]  DWC: [-99.]  WCC: [-99.]  STO: [-99.]
fname =  GPM2Ku5_uw3_20140309.184120_to_20140309.185054_000157_H02.nc
STR - BSR: [-99.   1.]  DCC: [-99.]  DWC: [-99.]  WCC: [-99.]  STO: [-99.   1.]
fname =  GPM2Ku5_uw3_20140309.185025_to_20140309.185354_000157_H02.nc
STR - BSR: [-99.]  DCC: [-99.]  DWC: [-99.]  WCC: [-99.]  STO: [-99.]
fname =  GPM2Ku5_uw3_20140309.201750_to_20140309.202014_000158_H02.nc
STR - BSR: [-99.]  DCC: [-99.]  DWC: [-99.]  WCC: [-99.]  STO: [-99.]
fname =  GPM2Ku5_uw3_20140309.202116_to_20140309.202241_000158_H02.nc
STR - BSR: [-99.]  DCC: [-99.]  DWC: [-99.]  WCC: [-99.]  STO: [-99.]
fname =  GPM2Ku5_uw3_20140309.202208_to_20140309.202916_000158_H02.nc
STR - BSR: [-99.]  DCC: [-99.]  DWC: [-99.]  WCC: [-99.]  STO: [-99.]
fname =  GPM2Ku5_uw3_20140309.215752_to_20140309.215902_000159_H02.nc
STR - BSR: [-99.]  DCC: [-99.]  DWC: [-99.]  WCC: [-99.]  STO: [-99.]
fname =  GPM2Ku5_uw3_20140309.215850_to_20140309.220236_000159_H02.nc
STR - BSR: [-99.]  DCC: [-99.]  DWC: [-99.]  WCC: [-99.]  STO: [-99.]
fname =  GPM2Ku5_uw3_20140309.220237_to_20140309.220257_000159_H02.nc
STR - BSR: [-99.]  DCC: [-99.]  DWC: [-99.]  WCC: [-99.]  STO: [-99.]
fname =  GPM2Ku5_uw3_20140309.220257_to_20140309.220305_000159_H02.nc
STR - BSR: [-99.]  DCC: [-99.]  DWC: [-99.]  WCC: [-99.]  STO: [-99.]
fname =  GPM2Ku5_uw3_20140309.220305_to_20140309.220310_000159_H02.nc
STR - BSR: [-99.]  DCC: [-99.]  DWC: [-99.]  WCC: [-99.]  STO: [-99.]
fname =  GPM2Ku5_uw3_20140309.220326_to_20140309.220424_000159_H02.nc
STR - BSR: [-99.]  DCC: [-99.]  DWC: [-99.]  WCC: [-99.]  STO: [-99.]
fname =  GPM2Ku5_uw3_20140309.233428_to_20140309.233440_000160_H02.nc
STR - BSR: [-99.]  DCC: [-99.]  DWC: [-99.]  WCC: [-99.]  STO: [-99.]
fname =  GPM2Ku5_uw3_20140309.233508_to_20140309.234007_000160_H02.nc
STR - BSR: [-99.]  DCC: [-99.]  DWC: [-99.]  WCC: [-99.]  STO: [-99.]
fname =  GPM2Ku5_uw3_20140310.010940_to_20140310.011004_000161_H02.nc
STR - BSR: [-99.]  DCC: [-99.]  DWC: [-99.]  WCC: [-99.]  STO: [-99.]
fname =  GPM2Ku5_uw3_20140310.011001_to_20140310.011213_000161_H02.nc
STR - BSR: [-99.]  DCC: [-99.]  DWC: [-99.]  WCC: [-99.]  STO: [-99.]
fname =  GPM2Ku5_uw3_20140310.011159_to_20140310.011456_000161_H02.nc
STR - BSR: [-99.]  DCC: [-99.]  DWC: [-99.]  WCC: [-99.]  STO: [-99.]
fname =  GPM2Ku5_uw3_20140310.011437_to_20140310.011717_000161_H02.nc
STR - BSR: [-99.]  DCC: [-99.]  DWC: [-99.]  WCC: [-99.]  STO: [-99.]
fname =  GPM2Ku5_uw3_20140310.011632_to_20140310.011808_000161_H02.nc
STR - BSR: [-99.]  DCC: [-99.]  DWC: [-99.]  WCC: [-99.]  STO: [-99.]
fname =  GPM2Ku5_uw3_20140310.024326_to_20140310.024355_000162_H02.nc
STR - BSR: [-99.]  DCC: [-99.]  DWC: [-99.]  WCC: [-99.]  STO: [-99.]
fname =  GPM2Ku5_uw3_20140310.024413_to_20140310.024806_000162_H02.nc
STR - BSR: [-99.]  DCC: [-99.]  DWC: [-99.]  WCC: [-99.]  STO: [-99.]
fname =  GPM2Ku5_uw3_20140310.024809_to_20140310.025342_000162_H02.nc
STR - BSR: [-99.   1.]  DCC: [-99.]  DWC: [-99.]  WCC: [-99.]  STO: [-99.   1.]
fname =  GPM2Ku5_uw3_20140310.025323_to_20140310.025913_000162_H02.nc
STR - BSR: [-99.]  DCC: [-99.]  DWC: [-99.]  WCC: [-99.]  STO: [-99.]
fname =  GPM2Ku5_uw3_20140310.042018_to_20140310.042245_000163_H02.nc
STR - BSR: [-99.]  DCC: [-99.]  DWC: [-99.]  WCC: [-99.]  STO: [-99.]
fname =  GPM2Ku5_uw3_20140310.042251_to_20140310.043140_000163_H02.nc
STR - BSR: [-99.   1.]  DCC: [-99.]  DWC: [-99.]  WCC: [-99.]  STO: [-99.   1.]
fname =  GPM2Ku5_uw3_20140310.060119_to_20140310.060406_000164_H02.nc
STR - BSR: [-99.]  DCC: [-99.]  DWC: [-99.]  WCC: [-99.]  STO: [-99.]
fname =  GPM2Ku5_uw3_20140310.161312_to_20140310.162016_000171_H02.nc
STR - BSR: [-99.]  DCC: [-99.]  DWC: [-99.]  WCC: [-99.   1.]  STO: [-99.   1.]
fname =  GPM2Ku5_uw3_20140318.183345_to_20140318.183459_000297_H02.nc
STR - BSR: [-99.]  DCC: [-99.]  DWC: [-99.]  WCC: [-99.]  STO: [-99.]
fname =  GPM2Ku5_uw3_20140318.183441_to_20140318.183549_000297_H02.nc
STR - BSR: [-99.]  DCC: [-99.]  DWC: [-99.]  WCC: [-99.]  STO: [-99.]
fname =  GPM2Ku5_uw3_20140318.183551_to_20140318.184047_000297_H02.nc
STR - BSR: [-99.]  DCC: [-99.]  DWC: [-99.]  WCC: [-99.]  STO: [-99.]
fname =  GPM2Ku5_uw3_20140318.200913_to_20140318.200938_000298_H02.nc
STR - BSR: [-99.]  DCC: [-99.]  DWC: [-99.]  WCC: [-99.]  STO: [-99.]
fname =  GPM2Ku5_uw3_20140318.201111_to_20140318.201127_000298_H02.nc
STR - BSR: [-99.]  DCC: [-99.]  DWC: [-99.]  WCC: [-99.]  STO: [-99.]
fname =  GPM2Ku5_uw3_20140318.201124_to_20140318.201220_000298_H02.nc
STR - BSR: [-99.]  DCC: [-99.]  DWC: [-99.]  WCC: [-99.]  STO: [-99.]
fname =  GPM2Ku5_uw3_20140318.201220_to_20140318.201229_000298_H02.nc
STR - BSR: [-99.]  DCC: [-99.]  DWC: [-99.]  WCC: [-99.]  STO: [-99.]
fname =  GPM2Ku5_uw3_20140318.201321_to_20140318.201326_000298_H02.nc
STR - BSR: [-99.]  DCC: [-99.]  DWC: [-99.]  WCC: [-99.]  STO: [-99.]
fname =  GPM2Ku5_uw3_20140318.201327_to_20140318.201607_000298_H02.nc
STR - BSR: [-99.]  DCC: [-99.]  DWC: [-99.]  WCC: [-99.]  STO: [-99.]
fname =  GPM2Ku5_uw3_20140318.214628_to_20140318.214739_000299_H02.nc
STR - BSR: [-99.]  DCC: [-99.]  DWC: [-99.]  WCC: [-99.]  STO: [-99.]
fname =  GPM2Ku5_uw3_20140318.214756_to_20140318.215238_000299_H02.nc
STR - BSR: [-99.]  DCC: [-99.]  DWC: [-99.]  WCC: [-99.]  STO: [-99.]
fname =  GPM2Ku5_uw3_20140318.232200_to_20140318.232248_000300_H02.nc
STR - BSR: [-99.]  DCC: [-99.]  DWC: [-99.]  WCC: [-99.]  STO: [-99.]
fname =  GPM2Ku5_uw3_20140318.232242_to_20140318.232657_000300_H02.nc
STR - BSR: [-99.   1.]  DCC: [-99.]  DWC: [-99.]  WCC: [-99.]  STO: [-99.   1.]
fname =  GPM2Ku5_uw3_20140318.232744_to_20140318.233204_000300_H02.nc
STR - BSR: [-99.]  DCC: [-99.]  DWC: [-99.]  WCC: [-99.]  STO: [-99.]
fname =  GPM2Ku5_uw3_20140318.233122_to_20140318.233327_000300_H02.nc
STR - BSR: [-99.]  DCC: [-99.]  DWC: [-99.]  WCC: [-99.]  STO: [-99.]
fname =  GPM2Ku5_uw3_20140319.010006_to_20140319.010835_000301_H02.nc
STR - BSR: [-99.]  DCC: [-99.]  DWC: [-99.]  WCC: [-99.]  STO: [-99.]
fname =  GPM2Ku5_uw3_20140319.023347_to_20140319.023711_000302_H02.nc
STR - BSR: [-99.   1.]  DCC: [-99.]  DWC: [-99.]  WCC: [-99.]  STO: [-99.   1.]
fname =  GPM2Ku5_uw3_20140319.023704_to_20140319.024148_000302_H02.nc
STR - BSR: [-99.]  DCC: [-99.]  DWC: [-99.]  WCC: [-99.]  STO: [-99.]
fname =  GPM2Ku5_uw3_20140319.143004_to_20140319.143323_000310_H02.nc
STR - BSR: [-99.]  DCC: [-99.]  DWC: [-99.]  WCC: [-99.]  STO: [-99.]
fname =  GPM2Ku5_uw3_20140319.155543_to_20140319.160154_000311_H02.nc
STR - BSR: [-99.]  DCC: [-99.]  DWC: [-99.]  WCC: [-99.]  STO: [-99.]
fname =  GPM2Ku5_uw3_20140319.160108_to_20140319.160421_000311_H02.nc
STR - BSR: [-99.   1.]  DCC: [-99.]  DWC: [-99.]  WCC: [-99.]  STO: [-99.   1.]
fname =  GPM2Ku5_uw3_20140319.160332_to_20140319.161104_000311_H02.nc
STR - BSR: [-99.]  DCC: [-99.]  DWC: [-99.]  WCC: [-99.]  STO: [-99.]
fname =  GPM2Ku5_uw3_20140319.173545_to_20140319.173749_000312_H02.nc
STR - BSR: [-99.]  DCC: [-99.]  DWC: [-99.]  WCC: [-99.]  STO: [-99.]
fname =  GPM2Ku5_uw3_20140319.173814_to_20140319.174004_000312_H02.nc
STR - BSR: [-99.]  DCC: [-99.]  DWC: [-99.]  WCC: [-99.]  STO: [-99.]
fname =  GPM2Ku5_uw3_20140319.173938_to_20140319.174622_000312_H02.nc
STR - BSR: [-99.   1.]  DCC: [-99.]  DWC: [-99.]  WCC: [-99.]  STO: [-99.   1.]
fname =  GPM2Ku5_uw3_20140319.191618_to_20140319.191649_000313_H02.nc
STR - BSR: [-99.]  DCC: [-99.]  DWC: [-99.]  WCC: [-99.]  STO: [-99.]
fname =  GPM2Ku5_uw3_20140319.191644_to_20140319.191932_000313_H02.nc
STR - BSR: [-99.]  DCC: [-99.]  DWC: [-99.]  WCC: [-99.]  STO: [-99.]
fname =  GPM2Ku5_uw3_20140319.191959_to_20140319.192011_000313_H02.nc
STR - BSR: [-99.]  DCC: [-99.]  DWC: [-99.]  WCC: [-99.]  STO: [-99.]
fname =  GPM2Ku5_uw3_20140319.192009_to_20140319.192023_000313_H02.nc
STR - BSR: [-99.]  DCC: [-99.]  DWC: [-99.]  WCC: [-99.]  STO: [-99.]
fname =  GPM2Ku5_uw3_20140319.192020_to_20140319.192133_000313_H02.nc
STR - BSR: [-99.]  DCC: [-99.]  DWC: [-99.]  WCC: [-99.]  STO: [-99.]
fname =  GPM2Ku5_uw3_20140319.205207_to_20140319.205208_000314_H02.nc
STR - BSR: [-99.]  DCC: [-99.]  DWC: [-99.]  WCC: [-99.]  STO: [-99.]
fname =  GPM2Ku5_uw3_20140319.205210_to_20140319.205212_000314_H02.nc
STR - BSR: [-99.]  DCC: [-99.]  DWC: [-99.]  WCC: [-99.]  STO: [-99.]
fname =  GPM2Ku5_uw3_20140319.205218_to_20140319.205331_000314_H02.nc
STR - BSR: [-99.]  DCC: [-99.]  DWC: [-99.]  WCC: [-99.]  STO: [-99.]
fname =  GPM2Ku5_uw3_20140319.205330_to_20140319.205727_000314_H02.nc
STR - BSR: [-99.]  DCC: [-99.]  DWC: [-99.]  WCC: [-99.]  STO: [-99.]
fname =  GPM2Ku5_uw3_20140319.222527_to_20140319.222532_000315_H02.nc
STR - BSR: [-99.]  DCC: [-99.]  DWC: [-99.]  WCC: [-99.]  STO: [-99.]
fname =  GPM2Ku5_uw3_20140319.222715_to_20140319.223555_000315_H02.nc
STR - BSR: [-99.]  DCC: [-99.]  DWC: [-99.]  WCC: [-99.]  STO: [-99.]
fname =  GPM2Ku5_uw3_20140319.223504_to_20140319.223600_000315_H02.nc
STR - BSR: [-99.]  DCC: [-99.]  DWC: [-99.]  WCC: [-99.]  STO: [-99.]
fname =  GPM2Ku5_uw3_20140320.000143_to_20140320.001243_000316_H02.nc
STR - BSR: [-99.]  DCC: [-99.]  DWC: [-99.]  WCC: [-99.]  STO: [-99.]
fname =  GPM2Ku5_uw3_20140320.001310_to_20140320.001609_000316_H02.nc
STR - BSR: [-99.]  DCC: [-99.]  DWC: [-99.]  WCC: [-99.]  STO: [-99.]
fname =  GPM2Ku5_uw3_20140320.013734_to_20140320.014040_000317_H02.nc
STR - BSR: [-99.]  DCC: [-99.]  DWC: [-99.]  WCC: [-99.]  STO: [-99.]
fname =  GPM2Ku5_uw3_20140320.014020_to_20140320.014837_000317_H02.nc
STR - BSR: [-99.   1.]  DCC: [-99.]  DWC: [-99.]  WCC: [-99.]  STO: [-99.   1.]
fname =  GPM2Ku5_uw3_20140320.031959_to_20140320.032106_000318_H02.nc
STR - BSR: [-99.]  DCC: [-99.]  DWC: [-99.]  WCC: [-99.]  STO: [-99.]
fname =  GPM2Ku5_uw3_20140320.133236_to_20140320.133656_000325_H02.nc
STR - BSR: [-99.]  DCC: [-99.]  DWC: [-99.]  WCC: [-99.]  STO: [-99.]
fname =  GPM2Ku5_uw3_20140320.133621_to_20140320.133832_000325_H02.nc
STR - BSR: [-99.]  DCC: [-99.]  DWC: [-99.]  WCC: [-99.]  STO: [-99.]
fname =  GPM2Ku5_uw3_20140320.182241_to_20140320.182354_000328_H02.nc
STR - BSR: [-99.]  DCC: [-99.]  DWC: [-99.]  WCC: [-99.]  STO: [-99.]
fname =  GPM2Ku5_uw3_20140320.182357_to_20140320.182432_000328_H02.nc
STR - BSR: [-99.]  DCC: [-99.]  DWC: [-99.]  WCC: [-99.]  STO: [-99.]
fname =  GPM2Ku5_uw3_20140320.182525_to_20140320.182602_000328_H02.nc
STR - BSR: [-99.]  DCC: [-99.]  DWC: [-99.]  WCC: [-99.]  STO: [-99.]
fname =  GPM2Ku5_uw3_20140320.182600_to_20140320.182614_000328_H02.nc
STR - BSR: [-99.]  DCC: [-99.]  DWC: [-99.]  WCC: [-99.]  STO: [-99.]
fname =  GPM2Ku5_uw3_20140320.182613_to_20140320.182618_000328_H02.nc
STR - BSR: [-99.]  DCC: [-99.]  DWC: [-99.]  WCC: [-99.]  STO: [-99.]
fname =  GPM2Ku5_uw3_20140320.182622_to_20140320.182627_000328_H02.nc
STR - BSR: [-99.]  DCC: [-99.]  DWC: [-99.]  WCC: [-99.]  STO: [-99.]
fname =  GPM2Ku5_uw3_20140320.182637_to_20140320.182638_000328_H02.nc
STR - BSR: [-99.]  DCC: [-99.]  DWC: [-99.]  WCC: [-99.]  STO: [-99.]
fname =  GPM2Ku5_uw3_20140320.182641_to_20140320.182642_000328_H02.nc
STR - BSR: [-99.]  DCC: [-99.]  DWC: [-99.]  WCC: [-99.]  STO: [-99.]
fname =  GPM2Ku5_uw3_20140320.182644_to_20140320.182700_000328_H02.nc
STR - BSR: [-99.]  DCC: [-99.]  DWC: [-99.]  WCC: [-99.]  STO: [-99.]
fname =  GPM2Ku5_uw3_20140320.182701_to_20140320.182706_000328_H02.nc
STR - BSR: [-99.]  DCC: [-99.]  DWC: [-99.]  WCC: [-99.]  STO: [-99.]
fname =  GPM2Ku5_uw3_20140320.182705_to_20140320.182716_000328_H02.nc
STR - BSR: [-99.]  DCC: [-99.]  DWC: [-99.]  WCC: [-99.]  STO: [-99.]
fname =  GPM2Ku5_uw3_20140320.182714_to_20140320.182736_000328_H02.nc
STR - BSR: [-99.]  DCC: [-99.]  DWC: [-99.]  WCC: [-99.]  STO: [-99.]
fname =  GPM2Ku5_uw3_20140320.195747_to_20140320.195800_000329_H02.nc
STR - BSR: [-99.]  DCC: [-99.]  DWC: [-99.]  WCC: [-99.]  STO: [-99.]
fname =  GPM2Ku5_uw3_20140320.195813_to_20140320.195822_000329_H02.nc
STR - BSR: [-99.]  DCC: [-99.]  DWC: [-99.]  WCC: [-99.]  STO: [-99.]
fname =  GPM2Ku5_uw3_20140320.195819_to_20140320.195905_000329_H02.nc
STR - BSR: [-99.]  DCC: [-99.]  DWC: [-99.]  WCC: [-99.]  STO: [-99.]
fname =  GPM2Ku5_uw3_20140320.195912_to_20140320.195915_000329_H02.nc
STR - BSR: [-99.]  DCC: [-99.]  DWC: [-99.]  WCC: [-99.]  STO: [-99.]
fname =  GPM2Ku5_uw3_20140320.195930_to_20140320.195933_000329_H02.nc
STR - BSR: [-99.]  DCC: [-99.]  DWC: [-99.]  WCC: [-99.]  STO: [-99.]
fname =  GPM2Ku5_uw3_20140320.195933_to_20140320.195938_000329_H02.nc
STR - BSR: [-99.]  DCC: [-99.]  DWC: [-99.]  WCC: [-99.]  STO: [-99.]
fname =  GPM2Ku5_uw3_20140320.200019_to_20140320.200032_000329_H02.nc
STR - BSR: [-99.]  DCC: [-99.]  DWC: [-99.]  WCC: [-99.]  STO: [-99.]
fname =  GPM2Ku5_uw3_20140320.200030_to_20140320.200125_000329_H02.nc
STR - BSR: [-99.]  DCC: [-99.]  DWC: [-99.]  WCC: [-99.]  STO: [-99.]
fname =  GPM2Ku5_uw3_20140320.200126_to_20140320.200307_000329_H02.nc
STR - BSR: [-99.]  DCC: [-99.]  DWC: [-99.]  WCC: [-99.]  STO: [-99.]
fname =  GPM2Ku5_uw3_20140320.213242_to_20140320.213254_000330_H02.nc
STR - BSR: [-99.]  DCC: [-99.]  DWC: [-99.]  WCC: [-99.]  STO: [-99.]
fname =  GPM2Ku5_uw3_20140320.213310_to_20140320.213327_000330_H02.nc
STR - BSR: [-99.]  DCC: [-99.]  DWC: [-99.]  WCC: [-99.]  STO: [-99.]
fname =  GPM2Ku5_uw3_20140320.213322_to_20140320.213424_000330_H02.nc
STR - BSR: [-99.]  DCC: [-99.]  DWC: [-99.]  WCC: [-99.]  STO: [-99.]
fname =  GPM2Ku5_uw3_20140320.213435_to_20140320.214014_000330_H02.nc
STR - BSR: [-99.]  DCC: [-99.]  DWC: [-99.]  WCC: [-99.]  STO: [-99.]
fname =  GPM2Ku5_uw3_20140320.230918_to_20140320.232004_000331_H02.nc
STR - BSR: [-99.]  DCC: [-99.]  DWC: [-99.]  WCC: [-99.]  STO: [-99.]
fname =  GPM2Ku5_uw3_20140321.004333_to_20140321.004544_000332_H02.nc
STR - BSR: [-99.]  DCC: [-99.]  DWC: [-99.]  WCC: [-99.]  STO: [-99.]
fname =  GPM2Ku5_uw3_20140321.004722_to_20140321.005024_000332_H02.nc
STR - BSR: [-99.]  DCC: [-99.]  DWC: [-99.]  WCC: [-99.]  STO: [-99.]
fname =  GPM2Ku5_uw3_20140321.004957_to_20140321.005456_000332_H02.nc
STR - BSR: [-99.]  DCC: [-99.]  DWC: [-99.]  WCC: [-99.]  STO: [-99.]
fname =  GPM2Ku5_uw3_20140321.022208_to_20140321.022812_000333_H02.nc
STR - BSR: [-99.]  DCC: [-99.]  DWC: [-99.]  WCC: [-99.]  STO: [-99.]
fname =  GPM2Ku5_uw3_20140321.141049_to_20140321.141431_000341_H02.nc
STR - BSR: [-99.]  DCC: [-99.]  DWC: [-99.]  WCC: [-99.]  STO: [-99.]
fname =  GPM2Ku5_uw3_20140321.141323_to_20140321.142210_000341_H02.nc
STR - BSR: [-99.]  DCC: [-99.]  DWC: [-99.]  WCC: [-99.]  STO: [-99.]
fname =  GPM2Ku5_uw3_20140321.203855_to_20140321.203858_000345_H02.nc
STR - BSR: [-99.]  DCC: [-99.]  DWC: [-99.]  WCC: [-99.]  STO: [-99.]
fname =  GPM2Ku5_uw3_20140321.203857_to_20140321.203902_000345_H02.nc
STR - BSR: [-99.]  DCC: [-99.]  DWC: [-99.]  WCC: [-99.]  STO: [-99.]
fname =  GPM2Ku5_uw3_20140321.203920_to_20140321.203930_000345_H02.nc
STR - BSR: [-99.]  DCC: [-99.]  DWC: [-99.]  WCC: [-99.]  STO: [-99.]
fname =  GPM2Ku5_uw3_20140321.203927_to_20140321.204031_000345_H02.nc
STR - BSR: [-99.]  DCC: [-99.]  DWC: [-99.]  WCC: [-99.]  STO: [-99.]
fname =  GPM2Ku5_uw3_20140321.204043_to_20140321.204508_000345_H02.nc
STR - BSR: [-99.]  DCC: [-99.]  DWC: [-99.]  WCC: [-99.]  STO: [-99.]
fname =  GPM2Ku5_uw3_20140321.221437_to_20140321.221531_000346_H02.nc
STR - BSR: [-99.]  DCC: [-99.]  DWC: [-99.]  WCC: [-99.]  STO: [-99.]
fname =  GPM2Ku5_uw3_20140321.221520_to_20140321.221612_000346_H02.nc
STR - BSR: [-99.]  DCC: [-99.]  DWC: [-99.]  WCC: [-99.]  STO: [-99.]
fname =  GPM2Ku5_uw3_20140321.221610_to_20140321.222456_000346_H02.nc
STR - BSR: [-99.]  DCC: [-99.]  DWC: [-99.]  WCC: [-99.]  STO: [-99.]
fname =  GPM2Ku5_uw3_20140321.234850_to_20140321.235301_000347_H02.nc
STR - BSR: [-99.]  DCC: [-99.]  DWC: [-99.]  WCC: [-99.]  STO: [-99.]
fname =  GPM2Ku5_uw3_20140321.235427_to_20140321.235819_000347_H02.nc
STR - BSR: [-99.]  DCC: [-99.]  DWC: [-99.]  WCC: [-99.]  STO: [-99.]
fname =  GPM2Ku5_uw3_20140321.235722_to_20140322.000055_000347_H02.nc
STR - BSR: [-99.]  DCC: [-99.]  DWC: [-99.]  WCC: [-99.]  STO: [-99.]
fname =  GPM2Ku5_uw3_20140322.000007_to_20140322.000246_000347_H02.nc
STR - BSR: [-99.]  DCC: [-99.]  DWC: [-99.]  WCC: [-99.]  STO: [-99.]
fname =  GPM2Ku5_uw3_20140322.012621_to_20140322.013428_000348_H02.nc
STR - BSR: [-99.]  DCC: [-99.]  DWC: [-99.]  WCC: [-99.]  STO: [-99.]
fname =  GPM2Ku5_uw3_20140322.132044_to_20140322.132459_000356_H02.nc
STR - BSR: [-99.]  DCC: [-99.]  DWC: [-99.]  WCC: [-99.]  STO: [-99.]
fname =  GPM2Ku5_uw3_20140322.132412_to_20140322.132650_000356_H02.nc
STR - BSR: [-99.]  DCC: [-99.]  DWC: [-99.]  WCC: [-99.]  STO: [-99.]
fname =  GPM2Ku5_uw3_20140322.144923_to_20140322.145231_000357_H02.nc
STR - BSR: [-99.]  DCC: [-99.]  DWC: [-99.]  WCC: [-99.]  STO: [-99.]
fname =  GPM2Ku5_uw3_20140322.145133_to_20140322.145427_000357_H02.nc
STR - BSR: [-99.]  DCC: [-99.]  DWC: [-99.]  WCC: [-99.]  STO: [-99.]
fname =  GPM2Ku5_uw3_20140322.145430_to_20140322.145644_000357_H02.nc
STR - BSR: [-99.]  DCC: [-99.]  DWC: [-99.]  WCC: [-99.]  STO: [-99.]
fname =  GPM2Ku5_uw3_20140322.145804_to_20140322.145955_000357_H02.nc
STR - BSR: [-99.]  DCC: [-99.]  DWC: [-99.]  WCC: [-99.]  STO: [-99.]
fname =  GPM2Ku5_uw3_20140322.150106_to_20140322.150412_000357_H02.nc
STR - BSR: [-99.]  DCC: [-99.]  DWC: [-99.]  WCC: [-99.]  STO: [-99.]
fname =  GPM2Ku5_uw3_20140322.163306_to_20140322.163445_000358_H02.nc
STR - BSR: [-99.]  DCC: [-99.]  DWC: [-99.]  WCC: [-99.]  STO: [-99.]
fname =  GPM2Ku5_uw3_20140322.163427_to_20140322.163702_000358_H02.nc
STR - BSR: [-99.]  DCC: [-99.]  DWC: [-99.]  WCC: [-99.]  STO: [-99.]
fname =  GPM2Ku5_uw3_20140322.163714_to_20140322.163810_000358_H02.nc
STR - BSR: [-99.]  DCC: [-99.]  DWC: [-99.]  WCC: [-99.]  STO: [-99.]
fname =  GPM2Ku5_uw3_20140322.163758_to_20140322.163828_000358_H02.nc
STR - BSR: [-99.]  DCC: [-99.]  DWC: [-99.]  WCC: [-99.]  STO: [-99.]
fname =  GPM2Ku5_uw3_20140322.163817_to_20140322.163906_000358_H02.nc
STR - BSR: [-99.]  DCC: [-99.]  DWC: [-99.]  WCC: [-99.]  STO: [-99.]
fname =  GPM2Ku5_uw3_20140322.163900_to_20140322.163936_000358_H02.nc
STR - BSR: [-99.]  DCC: [-99.]  DWC: [-99.]  WCC: [-99.]  STO: [-99.]
fname =  GPM2Ku5_uw3_20140322.180732_to_20140322.181135_000359_H02.nc
STR - BSR: [-99.]  DCC: [-99.]  DWC: [-99.]  WCC: [-99.]  STO: [-99.]
fname =  GPM2Ku5_uw3_20140322.181136_to_20140322.181156_000359_H02.nc
STR - BSR: [-99.]  DCC: [-99.]  DWC: [-99.]  WCC: [-99.]  STO: [-99.]
fname =  GPM2Ku5_uw3_20140322.181231_to_20140322.181301_000359_H02.nc
STR - BSR: [-99.]  DCC: [-99.]  DWC: [-99.]  WCC: [-99.]  STO: [-99.]
fname =  GPM2Ku5_uw3_20140322.181303_to_20140322.181304_000359_H02.nc
STR - BSR: [-99.]  DCC: [-99.]  DWC: [-99.]  WCC: [-99.]  STO: [-99.]
fname =  GPM2Ku5_uw3_20140322.181347_to_20140322.181408_000359_H02.nc
STR - BSR: [-99.]  DCC: [-99.]  DWC: [-99.]  WCC: [-99.]  STO: [-99.]
fname =  GPM2Ku5_uw3_20140322.181424_to_20140322.181444_000359_H02.nc
STR - BSR: [-99.]  DCC: [-99.]  DWC: [-99.]  WCC: [-99.]  STO: [-99.]
fname =  GPM2Ku5_uw3_20140322.194527_to_20140322.194529_000360_H02.nc
STR - BSR: [-99.]  DCC: [-99.]  DWC: [-99.]  WCC: [-99.]  STO: [-99.]
fname =  GPM2Ku5_uw3_20140322.194530_to_20140322.194611_000360_H02.nc
STR - BSR: [-99.]  DCC: [-99.]  DWC: [-99.]  WCC: [-99.]  STO: [-99.]
fname =  GPM2Ku5_uw3_20140322.194610_to_20140322.194626_000360_H02.nc
STR - BSR: [-99.]  DCC: [-99.]  DWC: [-99.]  WCC: [-99.]  STO: [-99.]
fname =  GPM2Ku5_uw3_20140322.194634_to_20140322.194644_000360_H02.nc
STR - BSR: [-99.]  DCC: [-99.]  DWC: [-99.]  WCC: [-99.]  STO: [-99.]
fname =  GPM2Ku5_uw3_20140322.194736_to_20140322.195026_000360_H02.nc
STR - BSR: [-99.]  DCC: [-99.]  DWC: [-99.]  WCC: [-99.]  STO: [-99.]
fname =  GPM2Ku5_uw3_20140322.211939_to_20140322.211957_000361_H02.nc
STR - BSR: [-99.]  DCC: [-99.]  DWC: [-99.]  WCC: [-99.]  STO: [-99.]
fname =  GPM2Ku5_uw3_20140322.212015_to_20140322.212255_000361_H02.nc
STR - BSR: [-99.]  DCC: [-99.]  DWC: [-99.]  WCC: [-99.]  STO: [-99.]
fname =  GPM2Ku5_uw3_20140322.212245_to_20140322.212427_000361_H02.nc
STR - BSR: [-99.]  DCC: [-99.]  DWC: [-99.]  WCC: [-99.]  STO: [-99.]
fname =  GPM2Ku5_uw3_20140322.212358_to_20140322.212818_000361_H02.nc
STR - BSR: [-99.]  DCC: [-99.]  DWC: [-99.]  WCC: [-99.]  STO: [-99.]
fname =  GPM2Ku5_uw3_20140322.225439_to_20140322.225526_000362_H02.nc
STR - BSR: [-99.]  DCC: [-99.]  DWC: [-99.]  WCC: [-99.]  STO: [-99.]
fname =  GPM2Ku5_uw3_20140322.225519_to_20140322.230051_000362_H02.nc
STR - BSR: [-99.]  DCC: [-99.]  DWC: [-99.]  WCC: [-99.]  STO: [-99.]
fname =  GPM2Ku5_uw3_20140322.230123_to_20140322.230338_000362_H02.nc
STR - BSR: [-99.]  DCC: [-99.]  DWC: [-99.]  WCC: [-99.]  STO: [-99.]
fname =  GPM2Ku5_uw3_20140322.230237_to_20140322.230743_000362_H02.nc
STR - BSR: [-99.]  DCC: [-99.]  DWC: [-99.]  WCC: [-99.]  STO: [-99.]
fname =  GPM2Ku5_uw3_20140323.003056_to_20140323.003225_000363_H02.nc
STR - BSR: [-99.]  DCC: [-99.]  DWC: [-99.]  WCC: [-99.]  STO: [-99.]
fname =  GPM2Ku5_uw3_20140323.003344_to_20140323.003607_000363_H02.nc
STR - BSR: [-99.]  DCC: [-99.]  DWC: [-99.]  WCC: [-99.]  STO: [-99.]
fname =  GPM2Ku5_uw3_20140323.003545_to_20140323.004211_000363_H02.nc
STR - BSR: [-99.]  DCC: [-99.]  DWC: [-99.]  WCC: [-99.]  STO: [-99.]
fname =  GPM2Ku5_uw3_20140323.021119_to_20140323.021347_000364_H02.nc
STR - BSR: [-99.]  DCC: [-99.]  DWC: [-99.]  WCC: [-99.]  STO: [-99.]
fname =  GPM2Ku5_uw3_20140323.122841_to_20140323.123029_000371_H02.nc
STR - BSR: [-99.]  DCC: [-99.]  DWC: [-99.]  WCC: [-99.]  STO: [-99.]
fname =  GPM2Ku5_uw3_20140323.135617_to_20140323.140043_000372_H02.nc
STR - BSR: [-99.]  DCC: [-99.]  DWC: [-99.]  WCC: [-99.]  STO: [-99.]
fname =  GPM2Ku5_uw3_20140323.135944_to_20140323.140434_000372_H02.nc
STR - BSR: [-99.]  DCC: [-99.]  DWC: [-99.]  WCC: [-99.]  STO: [-99.]
fname =  GPM2Ku5_uw3_20140323.140348_to_20140323.140659_000372_H02.nc
STR - BSR: [-99.]  DCC: [-99.]  DWC: [-99.]  WCC: [-99.]  STO: [-99.]
fname =  GPM2Ku5_uw3_20140323.140617_to_20140323.140816_000372_H02.nc
STR - BSR: [-99.]  DCC: [-99.]  DWC: [-99.]  WCC: [-99.]  STO: [-99.]
fname =  GPM2Ku5_uw3_20140323.140754_to_20140323.140904_000372_H02.nc
STR - BSR: [-99.]  DCC: [-99.]  DWC: [-99.]  WCC: [-99.]  STO: [-99.]
fname =  GPM2Ku5_uw3_20140323.140900_to_20140323.140935_000372_H02.nc
STR - BSR: [-99.]  DCC: [-99.]  DWC: [-99.]  WCC: [-99.]  STO: [-99.]
fname =  GPM2Ku5_uw3_20140323.152955_to_20140323.153431_000373_H02.nc
STR - BSR: [-99.]  DCC: [-99.]  DWC: [-99.]  WCC: [-99.]  STO: [-99.]
fname =  GPM2Ku5_uw3_20140323.153429_to_20140323.154002_000373_H02.nc
STR - BSR: [-99.]  DCC: [-99.]  DWC: [-99.]  WCC: [-99.]  STO: [-99.]
fname =  GPM2Ku5_uw3_20140323.154014_to_20140323.154511_000373_H02.nc
STR - BSR: [-99.   1.]  DCC: [-99.]  DWC: [-99.]  WCC: [-99.]  STO: [-99.   1.]
fname =  GPM2Ku5_uw3_20140323.171207_to_20140323.171256_000374_H02.nc
STR - BSR: [-99.]  DCC: [-99.]  DWC: [-99.]  WCC: [-99.]  STO: [-99.]
fname =  GPM2Ku5_uw3_20140323.171337_to_20140323.171654_000374_H02.nc
STR - BSR: [-99.]  DCC: [-99.]  DWC: [-99.]  WCC: [-99.]  STO: [-99.]
fname =  GPM2Ku5_uw3_20140323.171725_to_20140323.171751_000374_H02.nc
STR - BSR: [-99.]  DCC: [-99.]  DWC: [-99.]  WCC: [-99.]  STO: [-99.]
fname =  GPM2Ku5_uw3_20140323.171751_to_20140323.171910_000374_H02.nc
STR - BSR: [-99.]  DCC: [-99.]  DWC: [-99.]  WCC: [-99.]  STO: [-99.]
fname =  GPM2Ku5_uw3_20140323.171907_to_20140323.171920_000374_H02.nc
STR - BSR: [-99.]  DCC: [-99.]  DWC: [-99.]  WCC: [-99.]  STO: [-99.]
fname =  GPM2Ku5_uw3_20140323.171920_to_20140323.171928_000374_H02.nc
STR - BSR: [-99.]  DCC: [-99.]  DWC: [-99.]  WCC: [-99.]  STO: [-99.]
fname =  GPM2Ku5_uw3_20140323.171929_to_20140323.171936_000374_H02.nc
STR - BSR: [-99.]  DCC: [-99.]  DWC: [-99.]  WCC: [-99.]  STO: [-99.]
fname =  GPM2Ku5_uw3_20140323.171941_to_20140323.171949_000374_H02.nc
STR - BSR: [-99.]  DCC: [-99.]  DWC: [-99.]  WCC: [-99.]  STO: [-99.]
fname =  GPM2Ku5_uw3_20140323.171952_to_20140323.171955_000374_H02.nc
STR - BSR: [-99.]  DCC: [-99.]  DWC: [-99.]  WCC: [-99.]  STO: [-99.]
fname =  GPM2Ku5_uw3_20140323.172003_to_20140323.172011_000374_H02.nc
STR - BSR: [-99.]  DCC: [-99.]  DWC: [-99.]  WCC: [-99.]  STO: [-99.]
fname =  GPM2Ku5_uw3_20140323.172021_to_20140323.172025_000374_H02.nc
STR - BSR: [-99.]  DCC: [-99.]  DWC: [-99.]  WCC: [-99.]  STO: [-99.]
fname =  GPM2Ku5_uw3_20140323.172024_to_20140323.172028_000374_H02.nc
STR - BSR: [-99.]  DCC: [-99.]  DWC: [-99.]  WCC: [-99.]  STO: [-99.]
fname =  GPM2Ku5_uw3_20140323.220114_to_20140323.220221_000377_H02.nc
STR - BSR: [-99.]  DCC: [-99.]  DWC: [-99.]  WCC: [-99.]  STO: [-99.]
fname =  GPM2Ku5_uw3_20140323.220205_to_20140323.220303_000377_H02.nc
STR - BSR: [-99.]  DCC: [-99.]  DWC: [-99.]  WCC: [-99.]  STO: [-99.]
fname =  GPM2Ku5_uw3_20140323.233656_to_20140323.233921_000378_H02.nc
STR - BSR: [-99.]  DCC: [-99.]  DWC: [-99.]  WCC: [-99.]  STO: [-99.]
fname =  GPM2Ku5_uw3_20140323.233928_to_20140323.234235_000378_H02.nc
STR - BSR: [-99.]  DCC: [-99.]  DWC: [-99.]  WCC: [-99.]  STO: [-99.]
fname =  GPM2Ku5_uw3_20140323.234148_to_20140323.234902_000378_H02.nc
STR - BSR: [-99.]  DCC: [-99.]  DWC: [-99.]  WCC: [-99.]  STO: [-99.]
fname =  GPM2Ku5_uw3_20140324.011351_to_20140324.012129_000379_H02.nc
STR - BSR: [-99.]  DCC: [-99.]  DWC: [-99.]  WCC: [-99.]  STO: [-99.]
fname =  GPM2Ku5_uw3_20140324.130306_to_20140324.130443_000387_H02.nc
STR - BSR: [-99.]  DCC: [-99.]  DWC: [-99.]  WCC: [-99.]  STO: [-99.]
fname =  GPM2Ku5_uw3_20140324.130357_to_20140324.130700_000387_H02.nc
STR - BSR: [-99.]  DCC: [-99.]  DWC: [-99.]  WCC: [-99.]  STO: [-99.]
fname =  GPM2Ku5_uw3_20140324.130645_to_20140324.130949_000387_H02.nc
STR - BSR: [-99.]  DCC: [-99.]  DWC: [-99.]  WCC: [-99.]  STO: [-99.]
fname =  GPM2Ku5_uw3_20140324.130910_to_20140324.131150_000387_H02.nc
STR - BSR: [-99.]  DCC: [-99.]  DWC: [-99.]  WCC: [-99.]  STO: [-99.]
fname =  GPM2Ku5_uw3_20140324.131149_to_20140324.131427_000387_H02.nc
STR - BSR: [-99.]  DCC: [-99.]  DWC: [-99.]  WCC: [-99.]  STO: [-99.]
fname =  GPM2Ku5_uw3_20140324.143533_to_20140324.143842_000388_H02.nc
STR - BSR: [-99.]  DCC: [-99.]  DWC: [-99.]  WCC: [-99.]  STO: [-99.]
fname =  GPM2Ku5_uw3_20140324.143746_to_20140324.144333_000388_H02.nc
STR - BSR: [-99.   1.]  DCC: [-99.]  DWC: [-99.]  WCC: [-99.]  STO: [-99.   1.]
fname =  GPM2Ku5_uw3_20140324.144341_to_20140324.145103_000388_H02.nc
STR - BSR: [-99.]  DCC: [-99.]  DWC: [-99.]  WCC: [-99.]  STO: [-99.]
fname =  GPM2Ku5_uw3_20140324.161643_to_20140324.161836_000389_H02.nc
STR - BSR: [-99.]  DCC: [-99.]  DWC: [-99.]  WCC: [-99.]  STO: [-99.]
fname =  GPM2Ku5_uw3_20140324.161825_to_20140324.161953_000389_H02.nc
STR - BSR: [-99.]  DCC: [-99.]  DWC: [-99.]  WCC: [-99.]  STO: [-99.]
fname =  GPM2Ku5_uw3_20140324.161944_to_20140324.162215_000389_H02.nc
STR - BSR: [-99.]  DCC: [-99.]  DWC: [-99.]  WCC: [-99.]  STO: [-99.]
fname =  GPM2Ku5_uw3_20140324.162205_to_20140324.162354_000389_H02.nc
STR - BSR: [-99.]  DCC: [-99.]  DWC: [-99.]  WCC: [-99.]  STO: [-99.]
fname =  GPM2Ku5_uw3_20140324.162400_to_20140324.162428_000389_H02.nc
STR - BSR: [-99.]  DCC: [-99.]  DWC: [-99.]  WCC: [-99.]  STO: [-99.]
fname =  GPM2Ku5_uw3_20140324.162428_to_20140324.162615_000389_H02.nc
STR - BSR: [-99.   1.]  DCC: [-99.]  DWC: [-99.]  WCC: [-99.]  STO: [-99.   1.]
fname =  GPM2Ku5_uw3_20140324.175453_to_20140324.175608_000390_H02.nc
STR - BSR: [-99.]  DCC: [-99.]  DWC: [-99.]  WCC: [-99.]  STO: [-99.]
fname =  GPM2Ku5_uw3_20140324.175631_to_20140324.175802_000390_H02.nc
STR - BSR: [-99.]  DCC: [-99.]  DWC: [-99.]  WCC: [-99.]  STO: [-99.]
fname =  GPM2Ku5_uw3_20140324.175756_to_20140324.175829_000390_H02.nc
STR - BSR: [-99.]  DCC: [-99.]  DWC: [-99.]  WCC: [-99.]  STO: [-99.]
fname =  GPM2Ku5_uw3_20140324.175853_to_20140324.175857_000390_H02.nc
STR - BSR: [-99.]  DCC: [-99.]  DWC: [-99.]  WCC: [-99.]  STO: [-99.]
fname =  GPM2Ku5_uw3_20140324.175933_to_20140324.180128_000390_H02.nc
STR - BSR: [-99.]  DCC: [-99.]  DWC: [-99.]  WCC: [-99.]  STO: [-99.]
fname =  GPM2Ku5_uw3_20140324.193201_to_20140324.193206_000391_H02.nc
STR - BSR: [-99.]  DCC: [-99.]  DWC: [-99.]  WCC: [-99.]  STO: [-99.]
fname =  GPM2Ku5_uw3_20140324.193211_to_20140324.193307_000391_H02.nc
STR - BSR: [-99.]  DCC: [-99.]  DWC: [-99.]  WCC: [-99.]  STO: [-99.]
fname =  GPM2Ku5_uw3_20140324.193304_to_20140324.193345_000391_H02.nc
STR - BSR: [-99.]  DCC: [-99.]  DWC: [-99.]  WCC: [-99.]  STO: [-99.]
fname =  GPM2Ku5_uw3_20140324.193347_to_20140324.193422_000391_H02.nc
STR - BSR: [-99.]  DCC: [-99.]  DWC: [-99.]  WCC: [-99.]  STO: [-99.]
fname =  GPM2Ku5_uw3_20140324.193502_to_20140324.193730_000391_H02.nc
STR - BSR: [-99.]  DCC: [-99.]  DWC: [-99.]  WCC: [-99.]  STO: [-99.]
fname =  GPM2Ku5_uw3_20140324.210654_to_20140324.210825_000392_H02.nc
STR - BSR: [-99.]  DCC: [-99.]  DWC: [-99.]  WCC: [-99.]  STO: [-99.]
fname =  GPM2Ku5_uw3_20140324.210811_to_20140324.210936_000392_H02.nc
STR - BSR: [-99.]  DCC: [-99.]  DWC: [-99.]  WCC: [-99.]  STO: [-99.]
fname =  GPM2Ku5_uw3_20140324.210926_to_20140324.211423_000392_H02.nc
STR - BSR: [-99.]  DCC: [-99.]  DWC: [-99.]  WCC: [-99.]  STO: [-99.]
fname =  GPM2Ku5_uw3_20140324.211400_to_20140324.211547_000392_H02.nc
STR - BSR: [-99.]  DCC: [-99.]  DWC: [-99.]  WCC: [-99.]  STO: [-99.]
fname =  GPM2Ku5_uw3_20140324.224122_to_20140324.224619_000393_H02.nc
STR - BSR: [-99.   1.]  DCC: [-99.]  DWC: [-99.]  WCC: [-99.]  STO: [-99.   1.]
fname =  GPM2Ku5_uw3_20140324.224837_to_20140324.225158_000393_H02.nc
STR - BSR: [-99.]  DCC: [-99.]  DWC: [-99.]  WCC: [-99.]  STO: [-99.]
fname =  GPM2Ku5_uw3_20140324.225051_to_20140324.225343_000393_H02.nc
STR - BSR: [-99.]  DCC: [-99.]  DWC: [-99.]  WCC: [-99.]  STO: [-99.]
fname =  GPM2Ku5_uw3_20140324.225328_to_20140324.225549_000393_H02.nc
STR - BSR: [-99.]  DCC: [-99.]  DWC: [-99.]  WCC: [-99.]  STO: [-99.]
fname =  GPM2Ku5_uw3_20140325.001739_to_20140325.001946_000394_H02.nc
STR - BSR: [-99.]  DCC: [-99.]  DWC: [-99.]  WCC: [-99.]  STO: [-99.]
fname =  GPM2Ku5_uw3_20140325.001903_to_20140325.002816_000394_H02.nc
STR - BSR: [-99.]  DCC: [-99.]  DWC: [-99.]  WCC: [-99.   1.   2.   3.]  STO: [-99.   2.   3.]
fname =  GPM2Ku5_uw3_20140325.121446_to_20140325.121651_000402_H02.nc
STR - BSR: [-99.]  DCC: [-99.]  DWC: [-99.]  WCC: [-99.]  STO: [-99.]
fname =  GPM2Ku5_uw3_20140325.121551_to_20140325.121832_000402_H02.nc
STR - BSR: [-99.]  DCC: [-99.]  DWC: [-99.]  WCC: [-99.]  STO: [-99.]
fname =  GPM2Ku5_uw3_20140325.134217_to_20140325.134540_000403_H02.nc
STR - BSR: [-99.]  DCC: [-99.]  DWC: [-99.]  WCC: [-99.]  STO: [-99.]
fname =  GPM2Ku5_uw3_20140325.134442_to_20140325.135116_000403_H02.nc
STR - BSR: [-99.]  DCC: [-99.]  DWC: [-99.]  WCC: [-99.]  STO: [-99.]
fname =  GPM2Ku5_uw3_20140325.135201_to_20140325.135432_000403_H02.nc
STR - BSR: [-99.]  DCC: [-99.]  DWC: [-99.]  WCC: [-99.]  STO: [-99.]
fname =  GPM2Ku5_uw3_20140325.135501_to_20140325.135630_000403_H02.nc
STR - BSR: [-99.]  DCC: [-99.]  DWC: [-99.]  WCC: [-99.]  STO: [-99.]
fname =  GPM2Ku5_uw3_20140326.124856_to_20140326.130125_000418_H02.nc
STR - BSR: [-99.]  DCC: [-99.]  DWC: [-99.]  WCC: [-99.]  STO: [-99.]
fname =  GPM2Ku5_uw3_20140326.142834_to_20140326.143130_000419_H02.nc
STR - BSR: [-99.]  DCC: [-99.]  DWC: [-99.]  WCC: [-99.]  STO: [-99.]
fname =  GPM2Ku5_uw3_20140326.143053_to_20140326.143639_000419_H02.nc
STR - BSR: [-99.]  DCC: [-99.]  DWC: [-99.]  WCC: [-99.]  STO: [-99.]
fname =  GPM2Ku5_uw3_20140326.143652_to_20140326.143733_000419_H02.nc
STR - BSR: [-99.]  DCC: [-99.]  DWC: [-99.]  WCC: [-99.]  STO: [-99.]
fname =  GPM2Ku5_uw3_20140326.160347_to_20140326.160501_000420_H02.nc
STR - BSR: [-99.]  DCC: [-99.]  DWC: [-99.]  WCC: [-99.]  STO: [-99.]
fname =  GPM2Ku5_uw3_20140326.160531_to_20140326.160835_000420_H02.nc
STR - BSR: [-99.]  DCC: [-99.]  DWC: [-99.]  WCC: [-99.]  STO: [-99.]
fname =  GPM2Ku5_uw3_20140326.160852_to_20140326.160958_000420_H02.nc
STR - BSR: [-99.]  DCC: [-99.]  DWC: [-99.]  WCC: [-99.]  STO: [-99.]
fname =  GPM2Ku5_uw3_20140326.160953_to_20140326.161107_000420_H02.nc
STR - BSR: [-99.]  DCC: [-99.]  DWC: [-99.]  WCC: [-99.]  STO: [-99.]
fname =  GPM2Ku5_uw3_20140326.161105_to_20140326.161155_000420_H02.nc
STR - BSR: [-99.]  DCC: [-99.]  DWC: [-99.]  WCC: [-99.]  STO: [-99.]
fname =  GPM2Ku5_uw3_20140326.161154_to_20140326.161207_000420_H02.nc
STR - BSR: [-99.]  DCC: [-99.]  DWC: [-99.]  WCC: [-99.]  STO: [-99.]
fname =  GPM2Ku5_uw3_20140326.161228_to_20140326.161241_000420_H02.nc
STR - BSR: [-99.]  DCC: [-99.]  DWC: [-99.]  WCC: [-99.]  STO: [-99.]
fname =  GPM2Ku5_uw3_20140326.174315_to_20140326.174449_000421_H02.nc
STR - BSR: [-99.]  DCC: [-99.]  DWC: [-99.]  WCC: [-99.]  STO: [-99.]
fname =  GPM2Ku5_uw3_20140326.174447_to_20140326.174514_000421_H02.nc
STR - BSR: [-99.]  DCC: [-99.]  DWC: [-99.]  WCC: [-99.]  STO: [-99.]
fname =  GPM2Ku5_uw3_20140326.174519_to_20140326.174521_000421_H02.nc
STR - BSR: [-99.]  DCC: [-99.]  DWC: [-99.]  WCC: [-99.]  STO: [-99.]
fname =  GPM2Ku5_uw3_20140326.174524_to_20140326.174529_000421_H02.nc
STR - BSR: [-99.]  DCC: [-99.]  DWC: [-99.]  WCC: [-99.]  STO: [-99.]
fname =  GPM2Ku5_uw3_20140326.174530_to_20140326.174532_000421_H02.nc
STR - BSR: [-99.]  DCC: [-99.]  DWC: [-99.]  WCC: [-99.]  STO: [-99.]
fname =  GPM2Ku5_uw3_20140326.174532_to_20140326.174540_000421_H02.nc
STR - BSR: [-99.]  DCC: [-99.]  DWC: [-99.]  WCC: [-99.]  STO: [-99.]
fname =  GPM2Ku5_uw3_20140326.174540_to_20140326.174629_000421_H02.nc
STR - BSR: [-99.]  DCC: [-99.]  DWC: [-99.]  WCC: [-99.]  STO: [-99.]
fname =  GPM2Ku5_uw3_20140326.174625_to_20140326.174740_000421_H02.nc
STR - BSR: [-99.]  DCC: [-99.]  DWC: [-99.]  WCC: [-99.]  STO: [-99.]
fname =  GPM2Ku5_uw3_20140326.174731_to_20140326.174800_000421_H02.nc
STR - BSR: [-99.]  DCC: [-99.]  DWC: [-99.]  WCC: [-99.]  STO: [-99.]
fname =  GPM2Ku5_uw3_20140326.174751_to_20140326.174815_000421_H02.nc
STR - BSR: [-99.]  DCC: [-99.]  DWC: [-99.]  WCC: [-99.]  STO: [-99.]
fname =  GPM2Ku5_uw3_20140326.191845_to_20140326.191855_000422_H02.nc
STR - BSR: [-99.]  DCC: [-99.]  DWC: [-99.]  WCC: [-99.]  STO: [-99.]
fname =  GPM2Ku5_uw3_20140326.191853_to_20140326.192013_000422_H02.nc
STR - BSR: [-99.]  DCC: [-99.]  DWC: [-99.]  WCC: [-99.]  STO: [-99.]
fname =  GPM2Ku5_uw3_20140326.192004_to_20140326.192443_000422_H02.nc
STR - BSR: [-99.]  DCC: [-99.]  DWC: [-99.]  WCC: [-99.]  STO: [-99.]
fname =  GPM2Ku5_uw3_20140326.205323_to_20140326.205358_000423_H02.nc
STR - BSR: [-99.]  DCC: [-99.]  DWC: [-99.]  WCC: [-99.]  STO: [-99.]
fname =  GPM2Ku5_uw3_20140326.205352_to_20140326.205455_000423_H02.nc
STR - BSR: [-99.]  DCC: [-99.]  DWC: [-99.]  WCC: [-99.]  STO: [-99.]
fname =  GPM2Ku5_uw3_20140326.205447_to_20140326.205540_000423_H02.nc
STR - BSR: [-99.]  DCC: [-99.]  DWC: [-99.]  WCC: [-99.]  STO: [-99.]
fname =  GPM2Ku5_uw3_20140326.205529_to_20140326.210346_000423_H02.nc
STR - BSR: [-99.   1.]  DCC: [-99.]  DWC: [-99.]  WCC: [-99.]  STO: [-99.   1.]
fname =  GPM2Ku5_uw3_20140326.222903_to_20140326.223012_000424_H02.nc
STR - BSR: [-99.]  DCC: [-99.]  DWC: [-99.]  WCC: [-99.]  STO: [-99.]
fname =  GPM2Ku5_uw3_20140326.223014_to_20140326.223210_000424_H02.nc
STR - BSR: [-99.]  DCC: [-99.]  DWC: [-99.]  WCC: [-99.]  STO: [-99.]
fname =  GPM2Ku5_uw3_20140326.223136_to_20140326.223318_000424_H02.nc
STR - BSR: [-99.]  DCC: [-99.]  DWC: [-99.]  WCC: [-99.]  STO: [-99.]
fname =  GPM2Ku5_uw3_20140326.223258_to_20140326.223804_000424_H02.nc
STR - BSR: [-99.]  DCC: [-99.]  DWC: [-99.]  WCC: [-99.]  STO: [-99.]
fname =  GPM2Ku5_uw3_20140326.223847_to_20140326.224126_000424_H02.nc
STR - BSR: [-99.]  DCC: [-99.]  DWC: [-99.]  WCC: [-99.]  STO: [-99.]
fname =  GPM2Ku5_uw3_20140327.000544_to_20140327.001445_000425_H02.nc
STR - BSR: [-99.]  DCC: [-99.]  DWC: [-99.]  WCC: [-99.   1.   2.]  STO: [-99.   2.]
fname =  GPM2Ku5_uw3_20140327.120050_to_20140327.120616_000433_H02.nc
STR - BSR: [-99.]  DCC: [-99.]  DWC: [-99.]  WCC: [-99.]  STO: [-99.]
fname =  GPM2Ku5_uw3_20140327.120526_to_20140327.120732_000433_H02.nc
STR - BSR: [-99.]  DCC: [-99.]  DWC: [-99.]  WCC: [-99.]  STO: [-99.]
fname =  GPM2Ku5_uw3_20140327.132940_to_20140327.133516_000434_H02.nc
STR - BSR: [-99.]  DCC: [-99.]  DWC: [-99.]  WCC: [-99.]  STO: [-99.]
fname =  GPM2Ku5_uw3_20140327.133615_to_20140327.134048_000434_H02.nc
STR - BSR: [-99.   1.]  DCC: [-99.]  DWC: [-99.]  WCC: [-99.]  STO: [-99.   1.]
fname =  GPM2Ku5_uw3_20140327.134106_to_20140327.134425_000434_H02.nc
STR - BSR: [-99.]  DCC: [-99.]  DWC: [-99.]  WCC: [-99.]  STO: [-99.]
fname =  GPM2Ku5_uw3_20140327.150901_to_20140327.151613_000435_H02.nc
STR - BSR: [-99.   1.]  DCC: [-99.]  DWC: [-99.]  WCC: [-99.]  STO: [-99.   1.]
fname =  GPM2Ku5_uw3_20140327.151705_to_20140327.151926_000435_H02.nc
STR - BSR: [-99.]  DCC: [-99.]  DWC: [-99.]  WCC: [-99.]  STO: [-99.]
fname =  GPM2Ku5_uw3_20140327.151919_to_20140327.151944_000435_H02.nc
STR - BSR: [-99.]  DCC: [-99.]  DWC: [-99.]  WCC: [-99.]  STO: [-99.]
fname =  GPM2Ku5_uw3_20140327.151954_to_20140327.152005_000435_H02.nc
STR - BSR: [-99.]  DCC: [-99.]  DWC: [-99.]  WCC: [-99.]  STO: [-99.]
fname =  GPM2Ku5_uw3_20140327.164831_to_20140327.164933_000436_H02.nc
STR - BSR: [-99.]  DCC: [-99.]  DWC: [-99.]  WCC: [-99.]  STO: [-99.]
fname =  GPM2Ku5_uw3_20140327.165025_to_20140327.165217_000436_H02.nc
STR - BSR: [-99.]  DCC: [-99.]  DWC: [-99.]  WCC: [-99.]  STO: [-99.]
fname =  GPM2Ku5_uw3_20140327.165239_to_20140327.165249_000436_H02.nc
STR - BSR: [-99.]  DCC: [-99.]  DWC: [-99.]  WCC: [-99.]  STO: [-99.]
fname =  GPM2Ku5_uw3_20140327.165251_to_20140327.165327_000436_H02.nc
STR - BSR: [-99.]  DCC: [-99.]  DWC: [-99.]  WCC: [-99.]  STO: [-99.]
fname =  GPM2Ku5_uw3_20140327.165329_to_20140327.165333_000436_H02.nc
STR - BSR: [-99.]  DCC: [-99.]  DWC: [-99.]  WCC: [-99.]  STO: [-99.]
fname =  GPM2Ku5_uw3_20140327.165334_to_20140327.165353_000436_H02.nc
STR - BSR: [-99.]  DCC: [-99.]  DWC: [-99.]  WCC: [-99.]  STO: [-99.]
fname =  GPM2Ku5_uw3_20140327.165353_to_20140327.165400_000436_H02.nc
STR - BSR: [-99.]  DCC: [-99.]  DWC: [-99.]  WCC: [-99.]  STO: [-99.]
fname =  GPM2Ku5_uw3_20140327.165400_to_20140327.165404_000436_H02.nc
STR - BSR: [-99.]  DCC: [-99.]  DWC: [-99.]  WCC: [-99.]  STO: [-99.]
fname =  GPM2Ku5_uw3_20140327.165416_to_20140327.165428_000436_H02.nc
STR - BSR: [-99.]  DCC: [-99.]  DWC: [-99.]  WCC: [-99.]  STO: [-99.]
fname =  GPM2Ku5_uw3_20140327.165425_to_20140327.165440_000436_H02.nc
STR - BSR: [-99.]  DCC: [-99.]  DWC: [-99.]  WCC: [-99.]  STO: [-99.]
fname =  GPM2Ku5_uw3_20140327.165444_to_20140327.165458_000436_H02.nc
STR - BSR: [-99.]  DCC: [-99.]  DWC: [-99.]  WCC: [-99.]  STO: [-99.]
fname =  GPM2Ku5_uw3_20140327.165500_to_20140327.165514_000436_H02.nc
STR - BSR: [-99.]  DCC: [-99.]  DWC: [-99.]  WCC: [-99.]  STO: [-99.]
fname =  GPM2Ku5_uw3_20140327.182543_to_20140327.182548_000437_H02.nc
STR - BSR: [-99.]  DCC: [-99.]  DWC: [-99.]  WCC: [-99.]  STO: [-99.]
fname =  GPM2Ku5_uw3_20140327.182556_to_20140327.182558_000437_H02.nc
STR - BSR: [-99.]  DCC: [-99.]  DWC: [-99.]  WCC: [-99.]  STO: [-99.]
fname =  GPM2Ku5_uw3_20140327.182607_to_20140327.182608_000437_H02.nc
STR - BSR: [-99.]  DCC: [-99.]  DWC: [-99.]  WCC: [-99.]  STO: [-99.]
fname =  GPM2Ku5_uw3_20140327.182614_to_20140327.182615_000437_H02.nc
STR - BSR: [-99.]  DCC: [-99.]  DWC: [-99.]  WCC: [-99.]  STO: [-99.]
fname =  GPM2Ku5_uw3_20140327.182617_to_20140327.182659_000437_H02.nc
STR - BSR: [-99.]  DCC: [-99.]  DWC: [-99.]  WCC: [-99.]  STO: [-99.]
fname =  GPM2Ku5_uw3_20140327.182701_to_20140327.182711_000437_H02.nc
STR - BSR: [-99.]  DCC: [-99.]  DWC: [-99.]  WCC: [-99.]  STO: [-99.]
fname =  GPM2Ku5_uw3_20140327.182708_to_20140327.182728_000437_H02.nc
STR - BSR: [-99.]  DCC: [-99.]  DWC: [-99.]  WCC: [-99.]  STO: [-99.]
fname =  GPM2Ku5_uw3_20140327.182725_to_20140327.182743_000437_H02.nc
STR - BSR: [-99.]  DCC: [-99.]  DWC: [-99.]  WCC: [-99.]  STO: [-99.]
fname =  GPM2Ku5_uw3_20140327.182758_to_20140327.182820_000437_H02.nc
STR - BSR: [-99.]  DCC: [-99.]  DWC: [-99.]  WCC: [-99.]  STO: [-99.]
fname =  GPM2Ku5_uw3_20140327.182818_to_20140327.183114_000437_H02.nc
STR - BSR: [-99.]  DCC: [-99.]  DWC: [-99.]  WCC: [-99.]  STO: [-99.]
fname =  GPM2Ku5_uw3_20140327.200035_to_20140327.200056_000438_H02.nc
STR - BSR: [-99.]  DCC: [-99.]  DWC: [-99.]  WCC: [-99.]  STO: [-99.]
fname =  GPM2Ku5_uw3_20140327.200112_to_20140327.200249_000438_H02.nc
STR - BSR: [-99.]  DCC: [-99.]  DWC: [-99.]  WCC: [-99.]  STO: [-99.]
fname =  GPM2Ku5_uw3_20140327.200421_to_20140327.200551_000438_H02.nc
STR - BSR: [-99.]  DCC: [-99.]  DWC: [-99.]  WCC: [-99.]  STO: [-99.]
fname =  GPM2Ku5_uw3_20140327.200545_to_20140327.200936_000438_H02.nc
STR - BSR: [-99.]  DCC: [-99.]  DWC: [-99.]  WCC: [-99.]  STO: [-99.]
fname =  GPM2Ku5_uw3_20140327.213540_to_20140327.214453_000439_H02.nc
STR - BSR: [-99.   1.   2.]  DCC: [-99.]  DWC: [-99.]  WCC: [-99.]  STO: [-99.   1.   2.]
fname =  GPM2Ku5_uw3_20140327.214437_to_20140327.214857_000439_H02.nc
STR - BSR: [-99.]  DCC: [-99.]  DWC: [-99.]  WCC: [-99.]  STO: [-99.]
fname =  GPM2Ku5_uw3_20140327.214818_to_20140327.215028_000439_H02.nc
STR - BSR: [-99.]  DCC: [-99.]  DWC: [-99.]  WCC: [-99.]  STO: [-99.]
fname =  GPM2Ku5_uw3_20140327.231252_to_20140327.231919_000440_H02.nc
STR - BSR: [-99.]  DCC: [-99.]  DWC: [-99.]  WCC: [-99.]  STO: [-99.]
fname =  GPM2Ku5_uw3_20140327.231855_to_20140327.232300_000440_H02.nc
STR - BSR: [-99.]  DCC: [-99.]  DWC: [-99.]  WCC: [-99.]  STO: [-99.]
fname =  GPM2Ku5_uw3_20140328.005322_to_20140328.005533_000441_H02.nc
STR - BSR: [-99.]  DCC: [-99.]  DWC: [-99.]  WCC: [-99.]  STO: [-99.]
fname =  GPM2Ku5_uw3_20140328.110750_to_20140328.111251_000448_H02.nc
STR - BSR: [-99.]  DCC: [-99.]  DWC: [-99.]  WCC: [-99.]  STO: [-99.]
fname =  GPM2Ku5_uw3_20140328.123752_to_20140328.124958_000449_H02.nc
STR - BSR: [-99.]  DCC: [-99.]  DWC: [-99.]  WCC: [-99.]  STO: [-99.]
fname =  GPM2Ku5_uw3_20140328.124938_to_20140328.125048_000449_H02.nc
STR - BSR: [-99.]  DCC: [-99.]  DWC: [-99.]  WCC: [-99.]  STO: [-99.]
fname =  GPM2Ku5_uw3_20140328.125029_to_20140328.125128_000449_H02.nc
STR - BSR: [-99.]  DCC: [-99.]  DWC: [-99.]  WCC: [-99.]  STO: [-99.]
fname =  GPM2Ku5_uw3_20140328.141254_to_20140328.141429_000450_H02.nc
STR - BSR: [-99.]  DCC: [-99.]  DWC: [-99.]  WCC: [-99.]  STO: [-99.]
fname =  GPM2Ku5_uw3_20140328.141327_to_20140328.141600_000450_H02.nc
STR - BSR: [-99.]  DCC: [-99.]  DWC: [-99.]  WCC: [-99.]  STO: [-99.]
fname =  GPM2Ku5_uw3_20140328.141932_to_20140328.142227_000450_H02.nc
STR - BSR: [-99.]  DCC: [-99.]  DWC: [-99.]  WCC: [-99.]  STO: [-99.]
fname =  GPM2Ku5_uw3_20140328.142228_to_20140328.142504_000450_H02.nc
STR - BSR: [-99.]  DCC: [-99.]  DWC: [-99.]  WCC: [-99.]  STO: [-99.]
fname =  GPM2Ku5_uw3_20140328.142445_to_20140328.142603_000450_H02.nc
STR - BSR: [-99.]  DCC: [-99.]  DWC: [-99.]  WCC: [-99.]  STO: [-99.]
fname =  GPM2Ku5_uw3_20140328.142614_to_20140328.142724_000450_H02.nc
STR - BSR: [-99.]  DCC: [-99.]  DWC: [-99.]  WCC: [-99.]  STO: [-99.]
fname =  GPM2Ku5_uw3_20140328.155559_to_20140328.160011_000451_H02.nc
STR - BSR: [-99.   1.]  DCC: [-99.]  DWC: [-99.]  WCC: [-99.]  STO: [-99.   1.]
fname =  GPM2Ku5_uw3_20140328.160008_to_20140328.160034_000451_H02.nc
STR - BSR: [-99.]  DCC: [-99.]  DWC: [-99.]  WCC: [-99.]  STO: [-99.]
fname =  GPM2Ku5_uw3_20140328.160033_to_20140328.160047_000451_H02.nc
STR - BSR: [-99.]  DCC: [-99.]  DWC: [-99.]  WCC: [-99.]  STO: [-99.]
fname =  GPM2Ku5_uw3_20140328.160045_to_20140328.160100_000451_H02.nc
STR - BSR: [-99.]  DCC: [-99.]  DWC: [-99.]  WCC: [-99.]  STO: [-99.]
fname =  GPM2Ku5_uw3_20140328.160059_to_20140328.160107_000451_H02.nc
STR - BSR: [-99.]  DCC: [-99.]  DWC: [-99.]  WCC: [-99.]  STO: [-99.]
fname =  GPM2Ku5_uw3_20140328.160140_to_20140328.160142_000451_H02.nc
STR - BSR: [-99.]  DCC: [-99.]  DWC: [-99.]  WCC: [-99.]  STO: [-99.]
fname =  GPM2Ku5_uw3_20140328.160147_to_20140328.160148_000451_H02.nc
STR - BSR: [-99.]  DCC: [-99.]  DWC: [-99.]  WCC: [-99.]  STO: [-99.]
fname =  GPM2Ku5_uw3_20140328.160213_to_20140328.160217_000451_H02.nc
STR - BSR: [-99.]  DCC: [-99.]  DWC: [-99.]  WCC: [-99.]  STO: [-99.]
fname =  GPM2Ku5_uw3_20140328.160226_to_20140328.160233_000451_H02.nc
STR - BSR: [-99.]  DCC: [-99.]  DWC: [-99.]  WCC: [-99.]  STO: [-99.]
fname =  GPM2Ku5_uw3_20140328.173238_to_20140328.173302_000452_H02.nc
STR - BSR: [-99.]  DCC: [-99.]  DWC: [-99.]  WCC: [-99.]  STO: [-99.]
fname =  GPM2Ku5_uw3_20140328.173308_to_20140328.173409_000452_H02.nc
STR - BSR: [-99.]  DCC: [-99.]  DWC: [-99.]  WCC: [-99.]  STO: [-99.]
fname =  GPM2Ku5_uw3_20140328.173409_to_20140328.173411_000452_H02.nc
STR - BSR: [-99.]  DCC: [-99.]  DWC: [-99.]  WCC: [-99.]  STO: [-99.]
fname =  GPM2Ku5_uw3_20140328.173411_to_20140328.173528_000452_H02.nc
STR - BSR: [-99.]  DCC: [-99.]  DWC: [-99.]  WCC: [-99.]  STO: [-99.]
fname =  GPM2Ku5_uw3_20140328.173524_to_20140328.173544_000452_H02.nc
STR - BSR: [-99.]  DCC: [-99.]  DWC: [-99.]  WCC: [-99.]  STO: [-99.]
fname =  GPM2Ku5_uw3_20140328.173541_to_20140328.173611_000452_H02.nc
STR - BSR: [-99.]  DCC: [-99.]  DWC: [-99.]  WCC: [-99.]  STO: [-99.]
fname =  GPM2Ku5_uw3_20140328.173609_to_20140328.173629_000452_H02.nc
STR - BSR: [-99.]  DCC: [-99.]  DWC: [-99.]  WCC: [-99.]  STO: [-99.]
fname =  GPM2Ku5_uw3_20140328.173620_to_20140328.173645_000452_H02.nc
STR - BSR: [-99.]  DCC: [-99.]  DWC: [-99.]  WCC: [-99.]  STO: [-99.]
fname =  GPM2Ku5_uw3_20140328.173640_to_20140328.173724_000452_H02.nc
STR - BSR: [-99.]  DCC: [-99.]  DWC: [-99.]  WCC: [-99.]  STO: [-99.]
fname =  GPM2Ku5_uw3_20140328.173712_to_20140328.173807_000452_H02.nc
STR - BSR: [-99.]  DCC: [-99.]  DWC: [-99.]  WCC: [-99.]  STO: [-99.]
fname =  GPM2Ku5_uw3_20140328.190748_to_20140328.190757_000453_H02.nc
STR - BSR: [-99.]  DCC: [-99.]  DWC: [-99.]  WCC: [-99.]  STO: [-99.]
fname =  GPM2Ku5_uw3_20140328.190804_to_20140328.190818_000453_H02.nc
STR - BSR: [-99.]  DCC: [-99.]  DWC: [-99.]  WCC: [-99.]  STO: [-99.]
fname =  GPM2Ku5_uw3_20140328.190812_to_20140328.191307_000453_H02.nc
STR - BSR: [-99.   1.]  DCC: [-99.]  DWC: [-99.]  WCC: [-99.]  STO: [-99.   1.]
fname =  GPM2Ku5_uw3_20140328.191253_to_20140328.191508_000453_H02.nc
STR - BSR: [-99.]  DCC: [-99.]  DWC: [-99.]  WCC: [-99.]  STO: [-99.]
fname =  GPM2Ku5_uw3_20140328.204228_to_20140328.204540_000454_H02.nc
STR - BSR: [-99.]  DCC: [-99.]  DWC: [-99.]  WCC: [-99.]  STO: [-99.]
fname =  GPM2Ku5_uw3_20140328.204543_to_20140328.205559_000454_H02.nc
STR - BSR: [-99.   1.]  DCC: [-99.]  DWC: [-99.]  WCC: [-99.]  STO: [-99.   1.]
fname =  GPM2Ku5_uw3_20140328.205552_to_20140328.205726_000454_H02.nc
STR - BSR: [-99.]  DCC: [-99.]  DWC: [-99.]  WCC: [-99.]  STO: [-99.]
fname =  GPM2Ku5_uw3_20140328.222321_to_20140328.222944_000455_H02.nc
STR - BSR: [-99.]  DCC: [-99.]  DWC: [-99.]  WCC: [-99.]  STO: [-99.]
fname =  GPM2Ku5_uw3_20140328.222915_to_20140328.223111_000455_H02.nc
STR - BSR: [-99.]  DCC: [-99.]  DWC: [-99.]  WCC: [-99.]  STO: [-99.]
fname =  GPM2Ku5_uw3_20140328.235720_to_20140329.000344_000456_H02.nc
STR - BSR: [-99.]  DCC: [-99.]  DWC: [-99.]  WCC: [-99.]  STO: [-99.]
fname =  GPM2Ku5_uw3_20140329.101452_to_20140329.101649_000463_H02.nc
STR - BSR: [-99.]  DCC: [-99.]  DWC: [-99.]  WCC: [-99.]  STO: [-99.]
fname =  GPM2Ku5_uw3_20140329.114702_to_20140329.115216_000464_H02.nc
STR - BSR: [-99.]  DCC: [-99.]  DWC: [-99.]  WCC: [-99.]  STO: [-99.]
fname =  GPM2Ku5_uw3_20140329.115138_to_20140329.115756_000464_H02.nc
STR - BSR: [-99.]  DCC: [-99.]  DWC: [-99.]  WCC: [-99.]  STO: [-99.]
fname =  GPM2Ku5_uw3_20140329.131833_to_20140329.132410_000465_H02.nc
STR - BSR: [-99.]  DCC: [-99.]  DWC: [-99.]  WCC: [-99.]  STO: [-99.]
fname =  GPM2Ku5_uw3_20140329.132355_to_20140329.132648_000465_H02.nc
STR - BSR: [-99.]  DCC: [-99.]  DWC: [-99.]  WCC: [-99.]  STO: [-99.]
fname =  GPM2Ku5_uw3_20140329.132732_to_20140329.133107_000465_H02.nc
STR - BSR: [-99.]  DCC: [-99.]  DWC: [-99.]  WCC: [-99.]  STO: [-99.]
fname =  GPM2Ku5_uw3_20140329.133135_to_20140329.133415_000465_H02.nc
STR - BSR: [-99.]  DCC: [-99.]  DWC: [-99.]  WCC: [-99.]  STO: [-99.]
fname =  GPM2Ku5_uw3_20140329.150005_to_20140329.150227_000466_H02.nc
STR - BSR: [-99.]  DCC: [-99.]  DWC: [-99.]  WCC: [-99.]  STO: [-99.]
fname =  GPM2Ku5_uw3_20140329.150157_to_20140329.150345_000466_H02.nc
STR - BSR: [-99.]  DCC: [-99.]  DWC: [-99.]  WCC: [-99.]  STO: [-99.]
fname =  GPM2Ku5_uw3_20140329.150451_to_20140329.150637_000466_H02.nc
STR - BSR: [-99.]  DCC: [-99.]  DWC: [-99.]  WCC: [-99.]  STO: [-99.]
fname =  GPM2Ku5_uw3_20140329.150642_to_20140329.150717_000466_H02.nc
STR - BSR: [-99.]  DCC: [-99.]  DWC: [-99.]  WCC: [-99.]  STO: [-99.]
fname =  GPM2Ku5_uw3_20140329.150706_to_20140329.150733_000466_H02.nc
STR - BSR: [-99.]  DCC: [-99.]  DWC: [-99.]  WCC: [-99.]  STO: [-99.]
fname =  GPM2Ku5_uw3_20140329.150726_to_20140329.150817_000466_H02.nc
STR - BSR: [-99.]  DCC: [-99.]  DWC: [-99.]  WCC: [-99.]  STO: [-99.]
fname =  GPM2Ku5_uw3_20140329.150817_to_20140329.150834_000466_H02.nc
STR - BSR: [-99.]  DCC: [-99.]  DWC: [-99.]  WCC: [-99.]  STO: [-99.]
fname =  GPM2Ku5_uw3_20140329.150842_to_20140329.150857_000466_H02.nc
STR - BSR: [-99.]  DCC: [-99.]  DWC: [-99.]  WCC: [-99.]  STO: [-99.]
fname =  GPM2Ku5_uw3_20140329.150911_to_20140329.150919_000466_H02.nc
STR - BSR: [-99.]  DCC: [-99.]  DWC: [-99.]  WCC: [-99.]  STO: [-99.]
fname =  GPM2Ku5_uw3_20140329.150927_to_20140329.150939_000466_H02.nc
STR - BSR: [-99.]  DCC: [-99.]  DWC: [-99.]  WCC: [-99.]  STO: [-99.]
fname =  GPM2Ku5_uw3_20140329.163913_to_20140329.164208_000467_H02.nc
STR - BSR: [-99.]  DCC: [-99.]  DWC: [-99.]  WCC: [-99.]  STO: [-99.]
fname =  GPM2Ku5_uw3_20140329.164208_to_20140329.164213_000467_H02.nc
STR - BSR: [-99.]  DCC: [-99.]  DWC: [-99.]  WCC: [-99.]  STO: [-99.]
fname =  GPM2Ku5_uw3_20140329.164212_to_20140329.164220_000467_H02.nc
STR - BSR: [-99.]  DCC: [-99.]  DWC: [-99.]  WCC: [-99.]  STO: [-99.]
fname =  GPM2Ku5_uw3_20140329.164220_to_20140329.164222_000467_H02.nc
STR - BSR: [-99.]  DCC: [-99.]  DWC: [-99.]  WCC: [-99.]  STO: [-99.]
fname =  GPM2Ku5_uw3_20140329.164224_to_20140329.164231_000467_H02.nc
STR - BSR: [-99.]  DCC: [-99.]  DWC: [-99.]  WCC: [-99.]  STO: [-99.]
fname =  GPM2Ku5_uw3_20140329.164233_to_20140329.164235_000467_H02.nc
STR - BSR: [-99.]  DCC: [-99.]  DWC: [-99.]  WCC: [-99.]  STO: [-99.]
fname =  GPM2Ku5_uw3_20140329.164236_to_20140329.164237_000467_H02.nc
STR - BSR: [-99.]  DCC: [-99.]  DWC: [-99.]  WCC: [-99.]  STO: [-99.]
fname =  GPM2Ku5_uw3_20140329.164240_to_20140329.164256_000467_H02.nc
STR - BSR: [-99.]  DCC: [-99.]  DWC: [-99.]  WCC: [-99.]  STO: [-99.]
fname =  GPM2Ku5_uw3_20140329.164307_to_20140329.164321_000467_H02.nc
STR - BSR: [-99.]  DCC: [-99.]  DWC: [-99.]  WCC: [-99.]  STO: [-99.]
fname =  GPM2Ku5_uw3_20140329.164318_to_20140329.164332_000467_H02.nc
STR - BSR: [-99.]  DCC: [-99.]  DWC: [-99.]  WCC: [-99.]  STO: [-99.]
fname =  GPM2Ku5_uw3_20140329.164337_to_20140329.164400_000467_H02.nc
STR - BSR: [-99.]  DCC: [-99.]  DWC: [-99.]  WCC: [-99.]  STO: [-99.]
fname =  GPM2Ku5_uw3_20140329.164353_to_20140329.164421_000467_H02.nc
STR - BSR: [-99.]  DCC: [-99.]  DWC: [-99.]  WCC: [-99.]  STO: [-99.]
fname =  GPM2Ku5_uw3_20140329.181425_to_20140329.181431_000468_H02.nc
STR - BSR: [-99.]  DCC: [-99.]  DWC: [-99.]  WCC: [-99.]  STO: [-99.]
fname =  GPM2Ku5_uw3_20140329.181432_to_20140329.181437_000468_H02.nc
STR - BSR: [-99.]  DCC: [-99.]  DWC: [-99.]  WCC: [-99.]  STO: [-99.]
fname =  GPM2Ku5_uw3_20140329.181436_to_20140329.181516_000468_H02.nc
STR - BSR: [-99.]  DCC: [-99.]  DWC: [-99.]  WCC: [-99.]  STO: [-99.]
fname =  GPM2Ku5_uw3_20140329.181516_to_20140329.181521_000468_H02.nc
STR - BSR: [-99.]  DCC: [-99.]  DWC: [-99.]  WCC: [-99.]  STO: [-99.]
fname =  GPM2Ku5_uw3_20140329.181523_to_20140329.181530_000468_H02.nc
STR - BSR: [-99.]  DCC: [-99.]  DWC: [-99.]  WCC: [-99.]  STO: [-99.]
fname =  GPM2Ku5_uw3_20140329.181532_to_20140329.181747_000468_H02.nc
STR - BSR: [-99.]  DCC: [-99.]  DWC: [-99.]  WCC: [-99.]  STO: [-99.]
fname =  GPM2Ku5_uw3_20140329.181759_to_20140329.181832_000468_H02.nc
STR - BSR: [-99.]  DCC: [-99.]  DWC: [-99.]  WCC: [-99.]  STO: [-99.]
fname =  GPM2Ku5_uw3_20140329.181818_to_20140329.182115_000468_H02.nc
STR - BSR: [-99.]  DCC: [-99.]  DWC: [-99.]  WCC: [-99.]  STO: [-99.]
fname =  GPM2Ku5_uw3_20140329.194958_to_20140329.195319_000469_H02.nc
STR - BSR: [-99.]  DCC: [-99.]  DWC: [-99.]  WCC: [-99.]  STO: [-99.]
fname =  GPM2Ku5_uw3_20140329.195309_to_20140329.200049_000469_H02.nc
STR - BSR: [-99.   1.]  DCC: [-99.]  DWC: [-99.]  WCC: [-99.]  STO: [-99.   1.]
fname =  GPM2Ku5_uw3_20140329.212549_to_20140329.212836_000470_H02.nc
STR - BSR: [-99.]  DCC: [-99.]  DWC: [-99.]  WCC: [-99.]  STO: [-99.]
fname =  GPM2Ku5_uw3_20140329.212821_to_20140329.213745_000470_H02.nc
STR - BSR: [-99.]  DCC: [-99.]  DWC: [-99.]  WCC: [-99.]  STO: [-99.]
fname =  GPM2Ku5_uw3_20140329.230204_to_20140329.230517_000471_H02.nc
STR - BSR: [-99.]  DCC: [-99.]  DWC: [-99.]  WCC: [-99.]  STO: [-99.]
fname =  GPM2Ku5_uw3_20140329.230417_to_20140329.230643_000471_H02.nc
STR - BSR: [-99.]  DCC: [-99.]  DWC: [-99.]  WCC: [-99.]  STO: [-99.]
fname =  GPM2Ku5_uw3_20140329.230626_to_20140329.231150_000471_H02.nc
STR - BSR: [-99.]  DCC: [-99.]  DWC: [-99.]  WCC: [-99.]  STO: [-99.]
fname =  GPM2Ku5_uw3_20140330.105600_to_20140330.110340_000479_H02.nc
STR - BSR: [-99.]  DCC: [-99.]  DWC: [-99.]  WCC: [-99.]  STO: [-99.]
fname =  GPM2Ku5_uw3_20140330.122636_to_20140330.123214_000480_H02.nc
STR - BSR: [-99.]  DCC: [-99.]  DWC: [-99.]  WCC: [-99.]  STO: [-99.]
fname =  GPM2Ku5_uw3_20140330.123149_to_20140330.124024_000480_H02.nc
STR - BSR: [-99.]  DCC: [-99.]  DWC: [-99.]  WCC: [-99.]  STO: [-99.]
fname =  GPM2Ku5_uw3_20140330.140442_to_20140330.140912_000481_H02.nc
STR - BSR: [-99.]  DCC: [-99.]  DWC: [-99.]  WCC: [-99.]  STO: [-99.]
fname =  GPM2Ku5_uw3_20140330.140956_to_20140330.141229_000481_H02.nc
STR - BSR: [-99.]  DCC: [-99.]  DWC: [-99.]  WCC: [-99.]  STO: [-99.]
fname =  GPM2Ku5_uw3_20140330.141222_to_20140330.141513_000481_H02.nc
STR - BSR: [-99.]  DCC: [-99.]  DWC: [-99.]  WCC: [-99.]  STO: [-99.]
fname =  GPM2Ku5_uw3_20140330.141526_to_20140330.141550_000481_H02.nc
STR - BSR: [-99.]  DCC: [-99.]  DWC: [-99.]  WCC: [-99.]  STO: [-99.]
fname =  GPM2Ku5_uw3_20140330.154623_to_20140330.154856_000482_H02.nc
STR - BSR: [-99.]  DCC: [-99.]  DWC: [-99.]  WCC: [-99.]  STO: [-99.]
fname =  GPM2Ku5_uw3_20140330.154914_to_20140330.154927_000482_H02.nc
STR - BSR: [-99.]  DCC: [-99.]  DWC: [-99.]  WCC: [-99.]  STO: [-99.]
fname =  GPM2Ku5_uw3_20140330.154953_to_20140330.154959_000482_H02.nc
STR - BSR: [-99.]  DCC: [-99.]  DWC: [-99.]  WCC: [-99.]  STO: [-99.]
fname =  GPM2Ku5_uw3_20140330.155053_to_20140330.155056_000482_H02.nc
STR - BSR: [-99.]  DCC: [-99.]  DWC: [-99.]  WCC: [-99.]  STO: [-99.]
fname =  GPM2Ku5_uw3_20140330.155056_to_20140330.155101_000482_H02.nc
STR - BSR: [-99.]  DCC: [-99.]  DWC: [-99.]  WCC: [-99.]  STO: [-99.]
fname =  GPM2Ku5_uw3_20140330.155102_to_20140330.155114_000482_H02.nc
STR - BSR: [-99.]  DCC: [-99.]  DWC: [-99.]  WCC: [-99.]  STO: [-99.]
fname =  GPM2Ku5_uw3_20140330.172206_to_20140330.172219_000483_H02.nc
STR - BSR: [-99.]  DCC: [-99.]  DWC: [-99.]  WCC: [-99.]  STO: [-99.]
fname =  GPM2Ku5_uw3_20140330.172216_to_20140330.172223_000483_H02.nc
STR - BSR: [-99.]  DCC: [-99.]  DWC: [-99.]  WCC: [-99.]  STO: [-99.]
fname =  GPM2Ku5_uw3_20140330.172236_to_20140330.172244_000483_H02.nc
STR - BSR: [-99.]  DCC: [-99.]  DWC: [-99.]  WCC: [-99.]  STO: [-99.]
fname =  GPM2Ku5_uw3_20140330.172243_to_20140330.172247_000483_H02.nc
STR - BSR: [-99.]  DCC: [-99.]  DWC: [-99.]  WCC: [-99.]  STO: [-99.]
fname =  GPM2Ku5_uw3_20140330.172247_to_20140330.172257_000483_H02.nc
STR - BSR: [-99.]  DCC: [-99.]  DWC: [-99.]  WCC: [-99.]  STO: [-99.]
fname =  GPM2Ku5_uw3_20140330.172258_to_20140330.172330_000483_H02.nc
STR - BSR: [-99.]  DCC: [-99.]  DWC: [-99.]  WCC: [-99.]  STO: [-99.]
fname =  GPM2Ku5_uw3_20140330.172329_to_20140330.172343_000483_H02.nc
STR - BSR: [-99.]  DCC: [-99.]  DWC: [-99.]  WCC: [-99.]  STO: [-99.]
fname =  GPM2Ku5_uw3_20140330.172345_to_20140330.172353_000483_H02.nc
STR - BSR: [-99.]  DCC: [-99.]  DWC: [-99.]  WCC: [-99.]  STO: [-99.]
fname =  GPM2Ku5_uw3_20140330.172358_to_20140330.172412_000483_H02.nc
STR - BSR: [-99.]  DCC: [-99.]  DWC: [-99.]  WCC: [-99.]  STO: [-99.]
fname =  GPM2Ku5_uw3_20140330.172408_to_20140330.172422_000483_H02.nc
STR - BSR: [-99.]  DCC: [-99.]  DWC: [-99.]  WCC: [-99.]  STO: [-99.]
fname =  GPM2Ku5_uw3_20140330.172419_to_20140330.172436_000483_H02.nc
STR - BSR: [-99.]  DCC: [-99.]  DWC: [-99.]  WCC: [-99.]  STO: [-99.]
fname =  GPM2Ku5_uw3_20140330.172452_to_20140330.172513_000483_H02.nc
STR - BSR: [-99.]  DCC: [-99.]  DWC: [-99.]  WCC: [-99.]  STO: [-99.]
fname =  GPM2Ku5_uw3_20140330.172530_to_20140330.172618_000483_H02.nc
STR - BSR: [-99.]  DCC: [-99.]  DWC: [-99.]  WCC: [-99.]  STO: [-99.]
fname =  GPM2Ku5_uw3_20140330.172710_to_20140330.172743_000483_H02.nc
STR - BSR: [-99.]  DCC: [-99.]  DWC: [-99.]  WCC: [-99.]  STO: [-99.]
fname =  GPM2Ku5_uw3_20140330.185721_to_20140330.190213_000484_H02.nc
STR - BSR: [-99.]  DCC: [-99.]  DWC: [-99.]  WCC: [-99.]  STO: [-99.]
fname =  GPM2Ku5_uw3_20140330.190145_to_20140330.190531_000484_H02.nc
STR - BSR: [-99.]  DCC: [-99.]  DWC: [-99.]  WCC: [-99.]  STO: [-99.]
fname =  GPM2Ku5_uw3_20140330.203255_to_20140330.204555_000485_H02.nc
STR - BSR: [-99.]  DCC: [-99.]  DWC: [-99.]  WCC: [-99.]  STO: [-99.]
fname =  GPM2Ku5_uw3_20140330.220837_to_20140330.221555_000486_H02.nc
STR - BSR: [-99.]  DCC: [-99.]  DWC: [-99.]  WCC: [-99.]  STO: [-99.]
fname =  GPM2Ku5_uw3_20140330.221526_to_20140330.221951_000486_H02.nc
STR - BSR: [-99.]  DCC: [-99.]  DWC: [-99.]  WCC: [-99.]  STO: [-99.]
fname =  GPM2Ku5_uw3_20140330.234832_to_20140330.235222_000487_H02.nc
STR - BSR: [-99.]  DCC: [-99.]  DWC: [-99.]  WCC: [-99.]  STO: [-99.]
fname =  GPM2Ku5_uw3_20140331.100203_to_20140331.100344_000494_H02.nc
STR - BSR: [-99.]  DCC: [-99.]  DWC: [-99.]  WCC: [-99.]  STO: [-99.]
fname =  GPM2Ku5_uw3_20140331.100348_to_20140331.100822_000494_H02.nc
STR - BSR: [-99.]  DCC: [-99.]  DWC: [-99.]  WCC: [-99.]  STO: [-99.]
fname =  GPM2Ku5_uw3_20140331.113435_to_20140331.113820_000495_H02.nc
STR - BSR: [-99.]  DCC: [-99.]  DWC: [-99.]  WCC: [-99.]  STO: [-99.]
fname =  GPM2Ku5_uw3_20140331.113713_to_20140331.114744_000495_H02.nc
STR - BSR: [-99.]  DCC: [-99.]  DWC: [-99.]  WCC: [-99.]  STO: [-99.]
fname =  GPM2Ku5_uw3_20140331.130750_to_20140331.131300_000496_H02.nc
STR - BSR: [-99.]  DCC: [-99.]  DWC: [-99.]  WCC: [-99.]  STO: [-99.]
fname =  GPM2Ku5_uw3_20140331.131233_to_20140331.131649_000496_H02.nc
STR - BSR: [-99.]  DCC: [-99.]  DWC: [-99.]  WCC: [-99.]  STO: [-99.]
fname =  GPM2Ku5_uw3_20140331.131644_to_20140331.131835_000496_H02.nc
STR - BSR: [-99.]  DCC: [-99.]  DWC: [-99.]  WCC: [-99.]  STO: [-99.]
fname =  GPM2Ku5_uw3_20140331.131759_to_20140331.132143_000496_H02.nc
STR - BSR: [-99.]  DCC: [-99.]  DWC: [-99.]  WCC: [-99.]  STO: [-99.]
fname =  GPM2Ku5_uw3_20140331.132129_to_20140331.132250_000496_H02.nc
STR - BSR: [-99.]  DCC: [-99.]  DWC: [-99.]  WCC: [-99.]  STO: [-99.]
fname =  GPM2Ku5_uw3_20140331.132235_to_20140331.132309_000496_H02.nc
STR - BSR: [-99.]  DCC: [-99.]  DWC: [-99.]  WCC: [-99.]  STO: [-99.]
fname =  GPM2Ku5_uw3_20140331.145023_to_20140331.145111_000497_H02.nc
STR - BSR: [-99.]  DCC: [-99.]  DWC: [-99.]  WCC: [-99.]  STO: [-99.]
fname =  GPM2Ku5_uw3_20140331.145152_to_20140331.145255_000497_H02.nc
STR - BSR: [-99.]  DCC: [-99.]  DWC: [-99.]  WCC: [-99.]  STO: [-99.]
fname =  GPM2Ku5_uw3_20140331.145418_to_20140331.145622_000497_H02.nc
STR - BSR: [-99.]  DCC: [-99.]  DWC: [-99.]  WCC: [-99.]  STO: [-99.]
fname =  GPM2Ku5_uw3_20140331.145653_to_20140331.145709_000497_H02.nc
STR - BSR: [-99.]  DCC: [-99.]  DWC: [-99.]  WCC: [-99.]  STO: [-99.]
fname =  GPM2Ku5_uw3_20140331.145721_to_20140331.145735_000497_H02.nc
STR - BSR: [-99.]  DCC: [-99.]  DWC: [-99.]  WCC: [-99.]  STO: [-99.]
fname =  GPM2Ku5_uw3_20140331.145741_to_20140331.145751_000497_H02.nc
STR - BSR: [-99.]  DCC: [-99.]  DWC: [-99.]  WCC: [-99.]  STO: [-99.]
fname =  GPM2Ku5_uw3_20140331.145832_to_20140331.145833_000497_H02.nc
STR - BSR: [-99.]  DCC: [-99.]  DWC: [-99.]  WCC: [-99.]  STO: [-99.]
fname =  GPM2Ku5_uw3_20140331.145834_to_20140331.145835_000497_H02.nc
STR - BSR: [-99.]  DCC: [-99.]  DWC: [-99.]  WCC: [-99.]  STO: [-99.]
fname =  GPM2Ku5_uw3_20140331.162924_to_20140331.162939_000498_H02.nc
STR - BSR: [-99.]  DCC: [-99.]  DWC: [-99.]  WCC: [-99.]  STO: [-99.]
fname =  GPM2Ku5_uw3_20140331.162937_to_20140331.163112_000498_H02.nc
STR - BSR: [-99.]  DCC: [-99.]  DWC: [-99.]  WCC: [-99.]  STO: [-99.]
fname =  GPM2Ku5_uw3_20140331.163112_to_20140331.163115_000498_H02.nc
STR - BSR: [-99.]  DCC: [-99.]  DWC: [-99.]  WCC: [-99.]  STO: [-99.]
fname =  GPM2Ku5_uw3_20140331.163116_to_20140331.163118_000498_H02.nc
STR - BSR: [-99.]  DCC: [-99.]  DWC: [-99.]  WCC: [-99.]  STO: [-99.]
fname =  GPM2Ku5_uw3_20140331.163121_to_20140331.163129_000498_H02.nc
STR - BSR: [-99.]  DCC: [-99.]  DWC: [-99.]  WCC: [-99.]  STO: [-99.]
fname =  GPM2Ku5_uw3_20140331.163144_to_20140331.163155_000498_H02.nc
STR - BSR: [-99.]  DCC: [-99.]  DWC: [-99.]  WCC: [-99.]  STO: [-99.]
fname =  GPM2Ku5_uw3_20140331.163223_to_20140331.163248_000498_H02.nc
STR - BSR: [-99.]  DCC: [-99.]  DWC: [-99.]  WCC: [-99.]  STO: [-99.]
fname =  GPM2Ku5_uw3_20140331.163308_to_20140331.163335_000498_H02.nc
STR - BSR: [-99.]  DCC: [-99.]  DWC: [-99.]  WCC: [-99.]  STO: [-99.]
fname =  GPM2Ku5_uw3_20140331.163333_to_20140331.163421_000498_H02.nc
STR - BSR: [-99.]  DCC: [-99.]  DWC: [-99.]  WCC: [-99.]  STO: [-99.]
fname =  GPM2Ku5_uw3_20140331.194135_to_20140331.195053_000500_H02.nc
STR - BSR: [-99.]  DCC: [-99.]  DWC: [-99.]  WCC: [-99.]  STO: [-99.]
fname =  GPM2Ku5_uw3_20140331.194950_to_20140331.195217_000500_H02.nc
STR - BSR: [-99.]  DCC: [-99.]  DWC: [-99.]  WCC: [-99.]  STO: [-99.]
fname =  GPM2Ku5_uw3_20140331.211635_to_20140331.212036_000501_H02.nc
STR - BSR: [-99.   1.]  DCC: [-99.]  DWC: [-99.]  WCC: [-99.]  STO: [-99.   1.]
fname =  GPM2Ku5_uw3_20140331.212129_to_20140331.212541_000501_H02.nc
STR - BSR: [-99.]  DCC: [-99.]  DWC: [-99.]  WCC: [-99.]  STO: [-99.]
fname =  GPM2Ku5_uw3_20140331.212431_to_20140331.212739_000501_H02.nc
STR - BSR: [-99.]  DCC: [-99.]  DWC: [-99.]  WCC: [-99.]  STO: [-99.]
fname =  GPM2Ku5_uw3_20140331.225225_to_20140331.225948_000502_H02.nc
STR - BSR: [-99.]  DCC: [-99.]  DWC: [-99.]  WCC: [-99.]  STO: [-99.]
fname =  GPM2Ku5_uw3_20140331.225840_to_20140331.230019_000502_H02.nc
STR - BSR: [-99.]  DCC: [-99.]  DWC: [-99.]  WCC: [-99.]  STO: [-99.]
